#! /usr/bin/vvp
:ivl_version "10.1 (stable)";
:ivl_delay_selection "TYPICAL";
:vpi_time_precision + 0;
:vpi_module "system";
:vpi_module "vhdl_sys";
:vpi_module "v2005_math";
:vpi_module "va_math";
S_0x55ebf79d46b0 .scope module, "TESTBENCH" "TESTBENCH" 2 81;
 .timescale 0 0;
v0x55ebf79fa6f0_0 .var "A", 3 0;
v0x55ebf79fa820_0 .var "B", 3 0;
v0x55ebf79fa930_0 .var "FuncCode", 7 0;
v0x55ebf79faa20_0 .net "Out", 0 0, L_0x55ebf79fea40;  1 drivers
v0x55ebf79fab10_0 .var "clock", 0 0;
S_0x55ebf79d4830 .scope module, "mod" "DATAPATH" 2 86, 2 66 0, S_0x55ebf79d46b0;
 .timescale 0 0;
    .port_info 0 /INPUT 1 "clock"
    .port_info 1 /INPUT 8 "FuncCode"
    .port_info 2 /INPUT 4 "A"
    .port_info 3 /INPUT 4 "B"
    .port_info 4 /OUTPUT 1 "Out"
v0x55ebf79f9c10_0 .net "A", 3 0, v0x55ebf79fa6f0_0;  1 drivers
v0x55ebf79f9cd0_0 .net "AOut", 3 0, v0x55ebf79f4540_0;  1 drivers
v0x55ebf79f9dc0_0 .net "B", 3 0, v0x55ebf79fa820_0;  1 drivers
v0x55ebf79f9e90_0 .net "BOut", 3 0, v0x55ebf79f46e0_0;  1 drivers
v0x55ebf79f9f80_0 .net "Carry", 0 0, L_0x55ebf79fac00;  1 drivers
v0x55ebf79fa070_0 .net "FuncCode", 7 0, v0x55ebf79fa930_0;  1 drivers
v0x55ebf79fa110_0 .net "OpCode", 2 0, v0x55ebf79d0e00_0;  1 drivers
v0x55ebf79fa200_0 .net "OpOut", 2 0, v0x55ebf79f48d0_0;  1 drivers
v0x55ebf79fa310_0 .net "Out", 0 0, L_0x55ebf79fea40;  alias, 1 drivers
v0x55ebf79fa3b0_0 .net "X", 3 0, L_0x55ebf79facf0;  1 drivers
v0x55ebf79fa450_0 .net "XOut", 3 0, v0x55ebf79f9070_0;  1 drivers
v0x55ebf79fa560_0 .net "clock", 0 0, v0x55ebf79fab10_0;  1 drivers
S_0x55ebf79d49b0 .scope module, "mod1" "ENCODER" 2 74, 2 1 0, S_0x55ebf79d4830;
 .timescale 0 0;
    .port_info 0 /OUTPUT 3 "OpCode"
    .port_info 1 /INPUT 8 "FuncCode"
v0x55ebf79cde80_0 .net "FuncCode", 7 0, v0x55ebf79fa930_0;  alias, 1 drivers
v0x55ebf79d0e00_0 .var "OpCode", 2 0;
E_0x55ebf79a9b50 .event edge, v0x55ebf79cde80_0;
S_0x55ebf79f42f0 .scope module, "mod2" "FIRSTPIPE" 2 75, 2 41 0, S_0x55ebf79d4830;
 .timescale 0 0;
    .port_info 0 /INPUT 1 "clock"
    .port_info 1 /INPUT 3 "OpCode"
    .port_info 2 /INPUT 4 "A"
    .port_info 3 /INPUT 4 "B"
    .port_info 4 /OUTPUT 3 "OpOut"
    .port_info 5 /OUTPUT 4 "AOut"
    .port_info 6 /OUTPUT 4 "BOut"
v0x55ebf79d0ea0_0 .net "A", 3 0, v0x55ebf79fa6f0_0;  alias, 1 drivers
v0x55ebf79f4540_0 .var "AOut", 3 0;
v0x55ebf79f4620_0 .net "B", 3 0, v0x55ebf79fa820_0;  alias, 1 drivers
v0x55ebf79f46e0_0 .var "BOut", 3 0;
v0x55ebf79f47c0_0 .net "OpCode", 2 0, v0x55ebf79d0e00_0;  alias, 1 drivers
v0x55ebf79f48d0_0 .var "OpOut", 2 0;
v0x55ebf79f4990_0 .net "clock", 0 0, v0x55ebf79fab10_0;  alias, 1 drivers
E_0x55ebf79a9a10 .event posedge, v0x55ebf79f4990_0;
S_0x55ebf79f4b30 .scope module, "mod3" "ALU" 2 76, 2 27 0, S_0x55ebf79d4830;
 .timescale 0 0;
    .port_info 0 /OUTPUT 1 "Carry"
    .port_info 1 /OUTPUT 4 "X"
    .port_info 2 /INPUT 4 "A"
    .port_info 3 /INPUT 4 "B"
    .port_info 4 /INPUT 3 "OpCode"
L_0x55ebf79d0060 .functor XOR 5, L_0x55ebf79fb780, L_0x55ebf79fb8e0, C4<00000>, C4<00000>;
L_0x55ebf79fb820 .functor OR 5, L_0x55ebf79fbc20, L_0x55ebf79fbd10, C4<00000>, C4<00000>;
L_0x55ebf79d0b70 .functor AND 5, L_0x55ebf79fc050, L_0x55ebf79fc210, C4<11111>, C4<11111>;
L_0x55ebf79fc9f0 .functor OR 5, L_0x55ebf79fc120, L_0x55ebf79fc700, C4<00000>, C4<00000>;
L_0x55ebf79fcb30 .functor NOT 5, L_0x55ebf79fc9f0, C4<00000>, C4<00000>, C4<00000>;
L_0x55ebf79fcff0 .functor AND 5, L_0x55ebf79fcce0, L_0x55ebf79fced0, C4<11111>, C4<11111>;
L_0x55ebf79fd140 .functor NOT 5, L_0x55ebf79fcff0, C4<00000>, C4<00000>, C4<00000>;
L_0x55ebf79fd4c0 .functor XOR 5, L_0x55ebf79fd200, L_0x55ebf79fd3d0, C4<00000>, C4<00000>;
L_0x55ebf79fd620 .functor NOT 5, L_0x55ebf79fd4c0, C4<00000>, C4<00000>, C4<00000>;
v0x55ebf79f4d60_0 .net "A", 3 0, v0x55ebf79f4540_0;  alias, 1 drivers
v0x55ebf79f4e50_0 .net "B", 3 0, v0x55ebf79f46e0_0;  alias, 1 drivers
v0x55ebf79f4f20_0 .net "Carry", 0 0, L_0x55ebf79fac00;  alias, 1 drivers
v0x55ebf79f4ff0_0 .net "OpCode", 2 0, v0x55ebf79f48d0_0;  alias, 1 drivers
v0x55ebf79f50c0_0 .net "X", 3 0, L_0x55ebf79facf0;  alias, 1 drivers
L_0x7fd928b31060 .functor BUFT 1, C4<0>, C4<0>, C4<0>, C4<0>;
v0x55ebf79f51d0_0 .net *"_s10", 0 0, L_0x7fd928b31060;  1 drivers
L_0x7fd928b315b8 .functor BUFT 1, C4<0>, C4<0>, C4<0>, C4<0>;
v0x55ebf79f52b0_0 .net *"_s100", 0 0, L_0x7fd928b315b8;  1 drivers
v0x55ebf79f5390_0 .net *"_s101", 4 0, L_0x55ebf79fcff0;  1 drivers
v0x55ebf79f5470_0 .net *"_s103", 4 0, L_0x55ebf79fd140;  1 drivers
v0x55ebf79f5550_0 .net *"_s105", 4 0, L_0x55ebf79fd200;  1 drivers
L_0x7fd928b31600 .functor BUFT 1, C4<0>, C4<0>, C4<0>, C4<0>;
v0x55ebf79f5630_0 .net *"_s108", 0 0, L_0x7fd928b31600;  1 drivers
v0x55ebf79f5710_0 .net *"_s109", 4 0, L_0x55ebf79fd3d0;  1 drivers
v0x55ebf79f57f0_0 .net *"_s11", 4 0, L_0x55ebf79fafc0;  1 drivers
L_0x7fd928b31648 .functor BUFT 1, C4<0>, C4<0>, C4<0>, C4<0>;
v0x55ebf79f58d0_0 .net *"_s112", 0 0, L_0x7fd928b31648;  1 drivers
v0x55ebf79f59b0_0 .net *"_s113", 4 0, L_0x55ebf79fd4c0;  1 drivers
v0x55ebf79f5a90_0 .net *"_s115", 4 0, L_0x55ebf79fd620;  1 drivers
v0x55ebf79f5b70_0 .net *"_s117", 4 0, L_0x55ebf79fd6e0;  1 drivers
v0x55ebf79f5c50_0 .net *"_s119", 4 0, L_0x55ebf79fd960;  1 drivers
v0x55ebf79f5d30_0 .net *"_s121", 4 0, L_0x55ebf79fdaf0;  1 drivers
v0x55ebf79f5e10_0 .net *"_s123", 4 0, L_0x55ebf79fdd80;  1 drivers
v0x55ebf79f5ef0_0 .net *"_s125", 4 0, L_0x55ebf79fdf10;  1 drivers
v0x55ebf79f5fd0_0 .net *"_s127", 4 0, L_0x55ebf79fe1b0;  1 drivers
v0x55ebf79f60b0_0 .net *"_s129", 4 0, L_0x55ebf79fe340;  1 drivers
L_0x7fd928b310a8 .functor BUFT 1, C4<0>, C4<0>, C4<0>, C4<0>;
v0x55ebf79f6190_0 .net *"_s14", 0 0, L_0x7fd928b310a8;  1 drivers
v0x55ebf79f6270_0 .net *"_s15", 4 0, L_0x55ebf79fb0b0;  1 drivers
L_0x7fd928b310f0 .functor BUFT 1, C4<001>, C4<0>, C4<0>, C4<0>;
v0x55ebf79f6350_0 .net/2u *"_s17", 2 0, L_0x7fd928b310f0;  1 drivers
v0x55ebf79f6430_0 .net *"_s19", 0 0, L_0x55ebf79fb230;  1 drivers
v0x55ebf79f64f0_0 .net *"_s21", 4 0, L_0x55ebf79fb2d0;  1 drivers
L_0x7fd928b31138 .functor BUFT 1, C4<0>, C4<0>, C4<0>, C4<0>;
v0x55ebf79f65d0_0 .net *"_s24", 0 0, L_0x7fd928b31138;  1 drivers
v0x55ebf79f66b0_0 .net *"_s25", 4 0, L_0x55ebf79fb410;  1 drivers
L_0x7fd928b31180 .functor BUFT 1, C4<0>, C4<0>, C4<0>, C4<0>;
v0x55ebf79f6790_0 .net *"_s28", 0 0, L_0x7fd928b31180;  1 drivers
v0x55ebf79f6870_0 .net *"_s29", 4 0, L_0x55ebf79fb540;  1 drivers
L_0x7fd928b31018 .functor BUFT 1, C4<000>, C4<0>, C4<0>, C4<0>;
v0x55ebf79f6950_0 .net/2u *"_s3", 2 0, L_0x7fd928b31018;  1 drivers
L_0x7fd928b311c8 .functor BUFT 1, C4<010>, C4<0>, C4<0>, C4<0>;
v0x55ebf79f6a30_0 .net/2u *"_s31", 2 0, L_0x7fd928b311c8;  1 drivers
v0x55ebf79f6b10_0 .net *"_s33", 0 0, L_0x55ebf79fb6e0;  1 drivers
v0x55ebf79f6bd0_0 .net *"_s35", 4 0, L_0x55ebf79fb780;  1 drivers
L_0x7fd928b31210 .functor BUFT 1, C4<0>, C4<0>, C4<0>, C4<0>;
v0x55ebf79f6cb0_0 .net *"_s38", 0 0, L_0x7fd928b31210;  1 drivers
v0x55ebf79f6d90_0 .net *"_s39", 4 0, L_0x55ebf79fb8e0;  1 drivers
L_0x7fd928b31258 .functor BUFT 1, C4<0>, C4<0>, C4<0>, C4<0>;
v0x55ebf79f6e70_0 .net *"_s42", 0 0, L_0x7fd928b31258;  1 drivers
v0x55ebf79f6f50_0 .net *"_s43", 4 0, L_0x55ebf79d0060;  1 drivers
L_0x7fd928b312a0 .functor BUFT 1, C4<011>, C4<0>, C4<0>, C4<0>;
v0x55ebf79f7030_0 .net/2u *"_s45", 2 0, L_0x7fd928b312a0;  1 drivers
v0x55ebf79f7110_0 .net *"_s47", 0 0, L_0x55ebf79fbab0;  1 drivers
v0x55ebf79f71d0_0 .net *"_s49", 4 0, L_0x55ebf79fbc20;  1 drivers
v0x55ebf79f72b0_0 .net *"_s5", 0 0, L_0x55ebf79fade0;  1 drivers
L_0x7fd928b312e8 .functor BUFT 1, C4<0>, C4<0>, C4<0>, C4<0>;
v0x55ebf79f7370_0 .net *"_s52", 0 0, L_0x7fd928b312e8;  1 drivers
v0x55ebf79f7450_0 .net *"_s53", 4 0, L_0x55ebf79fbd10;  1 drivers
L_0x7fd928b31330 .functor BUFT 1, C4<0>, C4<0>, C4<0>, C4<0>;
v0x55ebf79f7530_0 .net *"_s56", 0 0, L_0x7fd928b31330;  1 drivers
v0x55ebf79f7610_0 .net *"_s57", 4 0, L_0x55ebf79fb820;  1 drivers
L_0x7fd928b31378 .functor BUFT 1, C4<100>, C4<0>, C4<0>, C4<0>;
v0x55ebf79f76f0_0 .net/2u *"_s59", 2 0, L_0x7fd928b31378;  1 drivers
v0x55ebf79f77d0_0 .net *"_s61", 0 0, L_0x55ebf79fbf60;  1 drivers
v0x55ebf79f7890_0 .net *"_s63", 4 0, L_0x55ebf79fc050;  1 drivers
L_0x7fd928b313c0 .functor BUFT 1, C4<0>, C4<0>, C4<0>, C4<0>;
v0x55ebf79f7970_0 .net *"_s66", 0 0, L_0x7fd928b313c0;  1 drivers
v0x55ebf79f7a50_0 .net *"_s67", 4 0, L_0x55ebf79fc210;  1 drivers
v0x55ebf79f7b30_0 .net *"_s7", 4 0, L_0x55ebf79faed0;  1 drivers
L_0x7fd928b31408 .functor BUFT 1, C4<0>, C4<0>, C4<0>, C4<0>;
v0x55ebf79f7c10_0 .net *"_s70", 0 0, L_0x7fd928b31408;  1 drivers
v0x55ebf79f7cf0_0 .net *"_s71", 4 0, L_0x55ebf79d0b70;  1 drivers
L_0x7fd928b31450 .functor BUFT 1, C4<101>, C4<0>, C4<0>, C4<0>;
v0x55ebf79f7dd0_0 .net/2u *"_s73", 2 0, L_0x7fd928b31450;  1 drivers
v0x55ebf79f7eb0_0 .net *"_s75", 0 0, L_0x55ebf79fc3d0;  1 drivers
v0x55ebf79f7f70_0 .net *"_s77", 4 0, L_0x55ebf79fc120;  1 drivers
L_0x7fd928b31498 .functor BUFT 1, C4<0>, C4<0>, C4<0>, C4<0>;
v0x55ebf79f8050_0 .net *"_s80", 0 0, L_0x7fd928b31498;  1 drivers
v0x55ebf79f8130_0 .net *"_s81", 4 0, L_0x55ebf79fc700;  1 drivers
L_0x7fd928b314e0 .functor BUFT 1, C4<0>, C4<0>, C4<0>, C4<0>;
v0x55ebf79f8210_0 .net *"_s84", 0 0, L_0x7fd928b314e0;  1 drivers
v0x55ebf79f82f0_0 .net *"_s85", 4 0, L_0x55ebf79fc9f0;  1 drivers
v0x55ebf79f83d0_0 .net *"_s87", 4 0, L_0x55ebf79fcb30;  1 drivers
L_0x7fd928b31528 .functor BUFT 1, C4<110>, C4<0>, C4<0>, C4<0>;
v0x55ebf79f84b0_0 .net/2u *"_s89", 2 0, L_0x7fd928b31528;  1 drivers
v0x55ebf79f89a0_0 .net *"_s91", 0 0, L_0x55ebf79fcbf0;  1 drivers
v0x55ebf79f8a60_0 .net *"_s93", 4 0, L_0x55ebf79fcce0;  1 drivers
L_0x7fd928b31570 .functor BUFT 1, C4<0>, C4<0>, C4<0>, C4<0>;
v0x55ebf79f8b40_0 .net *"_s96", 0 0, L_0x7fd928b31570;  1 drivers
v0x55ebf79f8c20_0 .net *"_s97", 4 0, L_0x55ebf79fced0;  1 drivers
L_0x55ebf79fac00 .part L_0x55ebf79fe340, 4, 1;
L_0x55ebf79facf0 .part L_0x55ebf79fe340, 0, 4;
L_0x55ebf79fade0 .cmp/eq 3, v0x55ebf79f48d0_0, L_0x7fd928b31018;
L_0x55ebf79faed0 .concat [ 4 1 0 0], v0x55ebf79f4540_0, L_0x7fd928b31060;
L_0x55ebf79fafc0 .concat [ 4 1 0 0], v0x55ebf79f46e0_0, L_0x7fd928b310a8;
L_0x55ebf79fb0b0 .arith/sum 5, L_0x55ebf79faed0, L_0x55ebf79fafc0;
L_0x55ebf79fb230 .cmp/eq 3, v0x55ebf79f48d0_0, L_0x7fd928b310f0;
L_0x55ebf79fb2d0 .concat [ 4 1 0 0], v0x55ebf79f4540_0, L_0x7fd928b31138;
L_0x55ebf79fb410 .concat [ 4 1 0 0], v0x55ebf79f46e0_0, L_0x7fd928b31180;
L_0x55ebf79fb540 .arith/sub 5, L_0x55ebf79fb2d0, L_0x55ebf79fb410;
L_0x55ebf79fb6e0 .cmp/eq 3, v0x55ebf79f48d0_0, L_0x7fd928b311c8;
L_0x55ebf79fb780 .concat [ 4 1 0 0], v0x55ebf79f4540_0, L_0x7fd928b31210;
L_0x55ebf79fb8e0 .concat [ 4 1 0 0], v0x55ebf79f46e0_0, L_0x7fd928b31258;
L_0x55ebf79fbab0 .cmp/eq 3, v0x55ebf79f48d0_0, L_0x7fd928b312a0;
L_0x55ebf79fbc20 .concat [ 4 1 0 0], v0x55ebf79f4540_0, L_0x7fd928b312e8;
L_0x55ebf79fbd10 .concat [ 4 1 0 0], v0x55ebf79f46e0_0, L_0x7fd928b31330;
L_0x55ebf79fbf60 .cmp/eq 3, v0x55ebf79f48d0_0, L_0x7fd928b31378;
L_0x55ebf79fc050 .concat [ 4 1 0 0], v0x55ebf79f4540_0, L_0x7fd928b313c0;
L_0x55ebf79fc210 .concat [ 4 1 0 0], v0x55ebf79f46e0_0, L_0x7fd928b31408;
L_0x55ebf79fc3d0 .cmp/eq 3, v0x55ebf79f48d0_0, L_0x7fd928b31450;
L_0x55ebf79fc120 .concat [ 4 1 0 0], v0x55ebf79f4540_0, L_0x7fd928b31498;
L_0x55ebf79fc700 .concat [ 4 1 0 0], v0x55ebf79f46e0_0, L_0x7fd928b314e0;
L_0x55ebf79fcbf0 .cmp/eq 3, v0x55ebf79f48d0_0, L_0x7fd928b31528;
L_0x55ebf79fcce0 .concat [ 4 1 0 0], v0x55ebf79f4540_0, L_0x7fd928b31570;
L_0x55ebf79fced0 .concat [ 4 1 0 0], v0x55ebf79f46e0_0, L_0x7fd928b315b8;
L_0x55ebf79fd200 .concat [ 4 1 0 0], v0x55ebf79f4540_0, L_0x7fd928b31600;
L_0x55ebf79fd3d0 .concat [ 4 1 0 0], v0x55ebf79f46e0_0, L_0x7fd928b31648;
L_0x55ebf79fd6e0 .functor MUXZ 5, L_0x55ebf79fd620, L_0x55ebf79fd140, L_0x55ebf79fcbf0, C4<>;
L_0x55ebf79fd960 .functor MUXZ 5, L_0x55ebf79fd6e0, L_0x55ebf79fcb30, L_0x55ebf79fc3d0, C4<>;
L_0x55ebf79fdaf0 .functor MUXZ 5, L_0x55ebf79fd960, L_0x55ebf79d0b70, L_0x55ebf79fbf60, C4<>;
L_0x55ebf79fdd80 .functor MUXZ 5, L_0x55ebf79fdaf0, L_0x55ebf79fb820, L_0x55ebf79fbab0, C4<>;
L_0x55ebf79fdf10 .functor MUXZ 5, L_0x55ebf79fdd80, L_0x55ebf79d0060, L_0x55ebf79fb6e0, C4<>;
L_0x55ebf79fe1b0 .functor MUXZ 5, L_0x55ebf79fdf10, L_0x55ebf79fb540, L_0x55ebf79fb230, C4<>;
L_0x55ebf79fe340 .functor MUXZ 5, L_0x55ebf79fe1b0, L_0x55ebf79fb0b0, L_0x55ebf79fade0, C4<>;
S_0x55ebf79f8da0 .scope module, "mod4" "SECONDPIPE" 2 77, 2 56 0, S_0x55ebf79d4830;
 .timescale 0 0;
    .port_info 0 /INPUT 1 "clock"
    .port_info 1 /INPUT 4 "X"
    .port_info 2 /OUTPUT 4 "XOut"
v0x55ebf79f8f90_0 .net "X", 3 0, L_0x55ebf79facf0;  alias, 1 drivers
v0x55ebf79f9070_0 .var "XOut", 3 0;
v0x55ebf79f9130_0 .net "clock", 0 0, v0x55ebf79fab10_0;  alias, 1 drivers
S_0x55ebf79f9270 .scope module, "mod5" "PARITYGENERATOR" 2 78, 2 35 0, S_0x55ebf79d4830;
 .timescale 0 0;
    .port_info 0 /INPUT 4 "X"
    .port_info 1 /OUTPUT 1 "Out"
L_0x55ebf79fe730 .functor XOR 1, L_0x55ebf79fe5f0, L_0x55ebf79fe690, C4<0>, C4<0>;
L_0x55ebf79fe890 .functor XOR 1, L_0x55ebf79fe730, L_0x55ebf79fe7f0, C4<0>, C4<0>;
L_0x55ebf79fea40 .functor XOR 1, L_0x55ebf79fe890, L_0x55ebf79fe9a0, C4<0>, C4<0>;
v0x55ebf79f9490_0 .net "Out", 0 0, L_0x55ebf79fea40;  alias, 1 drivers
v0x55ebf79f9570_0 .net "X", 3 0, v0x55ebf79f9070_0;  alias, 1 drivers
v0x55ebf79f9630_0 .net *"_s1", 0 0, L_0x55ebf79fe5f0;  1 drivers
v0x55ebf79f9700_0 .net *"_s11", 0 0, L_0x55ebf79fe9a0;  1 drivers
v0x55ebf79f97e0_0 .net *"_s3", 0 0, L_0x55ebf79fe690;  1 drivers
v0x55ebf79f9910_0 .net *"_s4", 0 0, L_0x55ebf79fe730;  1 drivers
v0x55ebf79f99f0_0 .net *"_s7", 0 0, L_0x55ebf79fe7f0;  1 drivers
v0x55ebf79f9ad0_0 .net *"_s8", 0 0, L_0x55ebf79fe890;  1 drivers
L_0x55ebf79fe5f0 .part v0x55ebf79f9070_0, 0, 1;
L_0x55ebf79fe690 .part v0x55ebf79f9070_0, 1, 1;
L_0x55ebf79fe7f0 .part v0x55ebf79f9070_0, 2, 1;
L_0x55ebf79fe9a0 .part v0x55ebf79f9070_0, 3, 1;
    .scope S_0x55ebf79d49b0;
T_0 ;
    %wait E_0x55ebf79a9b50;
    %load/vec4 v0x55ebf79cde80_0;
    %parti/s 1, 7, 4;
    %flag_set/vec4 8;
    %jmp/0xz  T_0.0, 8;
    %pushi/vec4 0, 0, 3;
    %store/vec4 v0x55ebf79d0e00_0, 0, 3;
    %jmp T_0.1;
T_0.0 ;
    %load/vec4 v0x55ebf79cde80_0;
    %parti/s 1, 6, 4;
    %flag_set/vec4 8;
    %jmp/0xz  T_0.2, 8;
    %pushi/vec4 1, 0, 3;
    %store/vec4 v0x55ebf79d0e00_0, 0, 3;
    %jmp T_0.3;
T_0.2 ;
    %load/vec4 v0x55ebf79cde80_0;
    %parti/s 1, 5, 4;
    %flag_set/vec4 8;
    %jmp/0xz  T_0.4, 8;
    %pushi/vec4 2, 0, 3;
    %store/vec4 v0x55ebf79d0e00_0, 0, 3;
    %jmp T_0.5;
T_0.4 ;
    %load/vec4 v0x55ebf79cde80_0;
    %parti/s 1, 4, 4;
    %flag_set/vec4 8;
    %jmp/0xz  T_0.6, 8;
    %pushi/vec4 3, 0, 3;
    %store/vec4 v0x55ebf79d0e00_0, 0, 3;
    %jmp T_0.7;
T_0.6 ;
    %load/vec4 v0x55ebf79cde80_0;
    %parti/s 1, 3, 3;
    %flag_set/vec4 8;
    %jmp/0xz  T_0.8, 8;
    %pushi/vec4 4, 0, 3;
    %store/vec4 v0x55ebf79d0e00_0, 0, 3;
    %jmp T_0.9;
T_0.8 ;
    %load/vec4 v0x55ebf79cde80_0;
    %parti/s 1, 2, 3;
    %flag_set/vec4 8;
    %jmp/0xz  T_0.10, 8;
    %pushi/vec4 5, 0, 3;
    %store/vec4 v0x55ebf79d0e00_0, 0, 3;
    %jmp T_0.11;
T_0.10 ;
    %load/vec4 v0x55ebf79cde80_0;
    %parti/s 1, 1, 2;
    %flag_set/vec4 8;
    %jmp/0xz  T_0.12, 8;
    %pushi/vec4 6, 0, 3;
    %store/vec4 v0x55ebf79d0e00_0, 0, 3;
    %jmp T_0.13;
T_0.12 ;
    %load/vec4 v0x55ebf79cde80_0;
    %parti/s 1, 0, 2;
    %flag_set/vec4 8;
    %jmp/0xz  T_0.14, 8;
    %pushi/vec4 7, 0, 3;
    %store/vec4 v0x55ebf79d0e00_0, 0, 3;
    %jmp T_0.15;
T_0.14 ;
    %pushi/vec4 0, 7, 3;
    %store/vec4 v0x55ebf79d0e00_0, 0, 3;
T_0.15 ;
T_0.13 ;
T_0.11 ;
T_0.9 ;
T_0.7 ;
T_0.5 ;
T_0.3 ;
T_0.1 ;
    %jmp T_0;
    .thread T_0, $push;
    .scope S_0x55ebf79f42f0;
T_1 ;
    %wait E_0x55ebf79a9a10;
    %load/vec4 v0x55ebf79f47c0_0;
    %assign/vec4 v0x55ebf79f48d0_0, 0;
    %load/vec4 v0x55ebf79d0ea0_0;
    %assign/vec4 v0x55ebf79f4540_0, 0;
    %load/vec4 v0x55ebf79f4620_0;
    %assign/vec4 v0x55ebf79f46e0_0, 0;
    %jmp T_1;
    .thread T_1;
    .scope S_0x55ebf79f8da0;
T_2 ;
    %wait E_0x55ebf79a9a10;
    %load/vec4 v0x55ebf79f8f90_0;
    %store/vec4 v0x55ebf79f9070_0, 0, 4;
    %jmp T_2;
    .thread T_2;
    .scope S_0x55ebf79d46b0;
T_3 ;
    %vpi_call 2 88 "$monitor", $time, " A = %b, B = %b, Function Code = %b, OpCode = %b, AOut = %b, BOut = %b, OpOut = %b, X = %b, Carry = %b, XOut = %b, Output = %b.", v0x55ebf79fa6f0_0, v0x55ebf79fa820_0, v0x55ebf79fa930_0, v0x55ebf79fa110_0, v0x55ebf79f9cd0_0, v0x55ebf79f9e90_0, v0x55ebf79fa200_0, v0x55ebf79fa3b0_0, v0x55ebf79f9f80_0, v0x55ebf79fa450_0, v0x55ebf79faa20_0 {0 0 0};
    %delay 0, 0;
    %pushi/vec4 1, 0, 1;
    %store/vec4 v0x55ebf79fab10_0, 0, 1;
    %delay 4, 0;
    %pushi/vec4 5, 0, 4;
    %store/vec4 v0x55ebf79fa6f0_0, 0, 4;
    %pushi/vec4 14, 0, 4;
    %store/vec4 v0x55ebf79fa820_0, 0, 4;
    %pushi/vec4 128, 0, 8;
    %store/vec4 v0x55ebf79fa930_0, 0, 8;
    %delay 20, 0;
    %pushi/vec4 64, 0, 8;
    %store/vec4 v0x55ebf79fa930_0, 0, 8;
    %delay 20, 0;
    %pushi/vec4 32, 0, 8;
    %store/vec4 v0x55ebf79fa930_0, 0, 8;
    %delay 20, 0;
    %pushi/vec4 16, 0, 8;
    %store/vec4 v0x55ebf79fa930_0, 0, 8;
    %delay 20, 0;
    %pushi/vec4 8, 0, 8;
    %store/vec4 v0x55ebf79fa930_0, 0, 8;
    %delay 20, 0;
    %pushi/vec4 4, 0, 8;
    %store/vec4 v0x55ebf79fa930_0, 0, 8;
    %delay 20, 0;
    %pushi/vec4 2, 0, 8;
    %store/vec4 v0x55ebf79fa930_0, 0, 8;
    %delay 20, 0;
    %pushi/vec4 1, 0, 8;
    %store/vec4 v0x55ebf79fa930_0, 0, 8;
    %delay 50, 0;
    %vpi_call 2 98 "$finish" {0 0 0};
    %end;
    .thread T_3;
    .scope S_0x55ebf79d46b0;
T_4 ;
    %delay 2, 0;
    %load/vec4 v0x55ebf79fab10_0;
    %inv;
    %store/vec4 v0x55ebf79fab10_0, 0, 1;
    %jmp T_4;
    .thread T_4;
# The file index is used to find the file name in the following table.
:file_names 3;
    "N/A";
    "<interactive>";
    "pipeline.v";
