#! /usr/bin/vvp
:ivl_version "10.1 (stable)";
:ivl_delay_selection "TYPICAL";
:vpi_time_precision + 0;
:vpi_module "system";
:vpi_module "vhdl_sys";
:vpi_module "v2005_math";
:vpi_module "va_math";
S_0x55ad7bf52190 .scope module, "bcd2gray_gate" "bcd2gray_gate" 2 2;
 .timescale 0 0;
    .port_info 0 /INPUT 4 "b"
    .port_info 1 /OUTPUT 4 "g"
L_0x55ad7bf73d20 .functor BUF 1, L_0x55ad7bf73df0, C4<0>, C4<0>, C4<0>;
L_0x55ad7bf73e90 .functor XOR 1, L_0x55ad7bf73f90, L_0x55ad7bf740d0, C4<0>, C4<0>;
L_0x55ad7bf741c0 .functor XOR 1, L_0x55ad7bf74230, L_0x55ad7bf743e0, C4<0>, C4<0>;
L_0x55ad7bf74680 .functor XOR 1, L_0x55ad7bf74770, L_0x55ad7bf74860, C4<0>, C4<0>;
v0x55ad7bf4edf0_0 .net *"_s1", 0 0, L_0x55ad7bf73d20;  1 drivers
v0x55ad7bf723b0_0 .net *"_s11", 0 0, L_0x55ad7bf740d0;  1 drivers
v0x55ad7bf72490_0 .net *"_s13", 0 0, L_0x55ad7bf741c0;  1 drivers
v0x55ad7bf72550_0 .net *"_s16", 0 0, L_0x55ad7bf74230;  1 drivers
v0x55ad7bf72630_0 .net *"_s18", 0 0, L_0x55ad7bf743e0;  1 drivers
v0x55ad7bf72760_0 .net *"_s20", 0 0, L_0x55ad7bf74680;  1 drivers
v0x55ad7bf72840_0 .net *"_s24", 0 0, L_0x55ad7bf74770;  1 drivers
v0x55ad7bf72920_0 .net *"_s26", 0 0, L_0x55ad7bf74860;  1 drivers
v0x55ad7bf72a00_0 .net *"_s4", 0 0, L_0x55ad7bf73df0;  1 drivers
v0x55ad7bf72ae0_0 .net *"_s6", 0 0, L_0x55ad7bf73e90;  1 drivers
v0x55ad7bf72bc0_0 .net *"_s9", 0 0, L_0x55ad7bf73f90;  1 drivers
o0x7f445bcc9228 .functor BUFZ 4, C4<zzzz>; HiZ drive
v0x55ad7bf72ca0_0 .net "b", 3 0, o0x7f445bcc9228;  0 drivers
v0x55ad7bf72d80_0 .net "g", 3 0, L_0x55ad7bf74480;  1 drivers
L_0x55ad7bf73df0 .part o0x7f445bcc9228, 3, 1;
L_0x55ad7bf73f90 .part o0x7f445bcc9228, 3, 1;
L_0x55ad7bf740d0 .part o0x7f445bcc9228, 2, 1;
L_0x55ad7bf74230 .part o0x7f445bcc9228, 2, 1;
L_0x55ad7bf743e0 .part o0x7f445bcc9228, 1, 1;
L_0x55ad7bf74480 .concat8 [ 1 1 1 1], L_0x55ad7bf74680, L_0x55ad7bf741c0, L_0x55ad7bf73e90, L_0x55ad7bf73d20;
L_0x55ad7bf74770 .part o0x7f445bcc9228, 1, 1;
L_0x55ad7bf74860 .part o0x7f445bcc9228, 0, 1;
S_0x55ad7bf52310 .scope module, "testbench" "testbench" 2 25;
 .timescale 0 0;
v0x55ad7bf73b90_0 .var "b", 3 0;
v0x55ad7bf73c50_0 .net "g", 3 0, L_0x55ad7bf74fa0;  1 drivers
S_0x55ad7bf72ec0 .scope module, "bcd_df" "bcd2gray_df" 2 29, 2 13 0, S_0x55ad7bf52310;
 .timescale 0 0;
    .port_info 0 /INPUT 4 "b"
    .port_info 1 /OUTPUT 4 "g"
L_0x55ad7bf74c60 .functor XOR 1, L_0x55ad7bf74a90, L_0x55ad7bf74b30, C4<0>, C4<0>;
L_0x55ad7bf74e90 .functor XOR 1, L_0x55ad7bf74d20, L_0x55ad7bf74df0, C4<0>, C4<0>;
L_0x55ad7bf75350 .functor XOR 1, L_0x55ad7bf751c0, L_0x55ad7bf75260, C4<0>, C4<0>;
v0x55ad7bf73060_0 .net *"_s10", 0 0, L_0x55ad7bf74c60;  1 drivers
v0x55ad7bf73160_0 .net *"_s15", 0 0, L_0x55ad7bf74d20;  1 drivers
v0x55ad7bf73240_0 .net *"_s17", 0 0, L_0x55ad7bf74df0;  1 drivers
v0x55ad7bf73300_0 .net *"_s18", 0 0, L_0x55ad7bf74e90;  1 drivers
v0x55ad7bf733e0_0 .net *"_s24", 0 0, L_0x55ad7bf751c0;  1 drivers
v0x55ad7bf73510_0 .net *"_s26", 0 0, L_0x55ad7bf75260;  1 drivers
v0x55ad7bf735f0_0 .net *"_s27", 0 0, L_0x55ad7bf75350;  1 drivers
v0x55ad7bf736d0_0 .net *"_s3", 0 0, L_0x55ad7bf749a0;  1 drivers
v0x55ad7bf737b0_0 .net *"_s7", 0 0, L_0x55ad7bf74a90;  1 drivers
v0x55ad7bf73890_0 .net *"_s9", 0 0, L_0x55ad7bf74b30;  1 drivers
v0x55ad7bf73970_0 .net "b", 3 0, v0x55ad7bf73b90_0;  1 drivers
v0x55ad7bf73a50_0 .net "g", 3 0, L_0x55ad7bf74fa0;  alias, 1 drivers
L_0x55ad7bf749a0 .part v0x55ad7bf73b90_0, 3, 1;
L_0x55ad7bf74a90 .part v0x55ad7bf73b90_0, 3, 1;
L_0x55ad7bf74b30 .part v0x55ad7bf73b90_0, 2, 1;
L_0x55ad7bf74d20 .part v0x55ad7bf73b90_0, 2, 1;
L_0x55ad7bf74df0 .part v0x55ad7bf73b90_0, 1, 1;
L_0x55ad7bf74fa0 .concat8 [ 1 1 1 1], L_0x55ad7bf75350, L_0x55ad7bf74e90, L_0x55ad7bf74c60, L_0x55ad7bf749a0;
L_0x55ad7bf751c0 .part v0x55ad7bf73b90_0, 1, 1;
L_0x55ad7bf75260 .part v0x55ad7bf73b90_0, 0, 1;
    .scope S_0x55ad7bf52310;
T_0 ;
    %vpi_call 2 33 "$monitor", " ", $time, " b = %b, g = %b", v0x55ad7bf73b90_0, v0x55ad7bf73c50_0 {0 0 0};
    %delay 5, 0;
    %pushi/vec4 0, 0, 4;
    %store/vec4 v0x55ad7bf73b90_0, 0, 4;
    %delay 5, 0;
    %pushi/vec4 1, 0, 4;
    %store/vec4 v0x55ad7bf73b90_0, 0, 4;
    %delay 5, 0;
    %pushi/vec4 2, 0, 4;
    %store/vec4 v0x55ad7bf73b90_0, 0, 4;
    %delay 5, 0;
    %pushi/vec4 3, 0, 4;
    %store/vec4 v0x55ad7bf73b90_0, 0, 4;
    %delay 5, 0;
    %pushi/vec4 4, 0, 4;
    %store/vec4 v0x55ad7bf73b90_0, 0, 4;
    %delay 5, 0;
    %pushi/vec4 5, 0, 4;
    %store/vec4 v0x55ad7bf73b90_0, 0, 4;
    %delay 5, 0;
    %pushi/vec4 6, 0, 4;
    %store/vec4 v0x55ad7bf73b90_0, 0, 4;
    %delay 5, 0;
    %pushi/vec4 7, 0, 4;
    %store/vec4 v0x55ad7bf73b90_0, 0, 4;
    %delay 5, 0;
    %pushi/vec4 8, 0, 4;
    %store/vec4 v0x55ad7bf73b90_0, 0, 4;
    %delay 5, 0;
    %pushi/vec4 9, 0, 4;
    %store/vec4 v0x55ad7bf73b90_0, 0, 4;
    %delay 5, 0;
    %vpi_call 2 44 "$finish" {0 0 0};
    %end;
    .thread T_0;
# The file index is used to find the file name in the following table.
:file_names 3;
    "N/A";
    "<interactive>";
    "bcd2gray.v";
