#! /usr/bin/vvp
:ivl_version "10.1 (stable)";
:ivl_delay_selection "TYPICAL";
:vpi_time_precision + 0;
:vpi_module "system";
:vpi_module "vhdl_sys";
:vpi_module "v2005_math";
:vpi_module "va_math";
S_0x560052221aa0 .scope module, "tb32bitand" "tb32bitand" 2 7;
 .timescale 0 0;
v0x560052242020_0 .var "IN1", 31 0;
v0x560052242110_0 .var "IN2", 31 0;
v0x5600522421e0_0 .net "OUT", 31 0, L_0x5600522422e0;  1 drivers
S_0x560052221c20 .scope module, "a1" "AND_32_Bit" 2 11, 2 1 0, S_0x560052221aa0;
 .timescale 0 0;
    .port_info 0 /OUTPUT 32 "out"
    .port_info 1 /INPUT 32 "in1"
    .port_info 2 /INPUT 32 "in2"
L_0x5600522422e0 .functor AND 32, v0x560052242020_0, v0x560052242110_0, C4<11111111111111111111111111111111>, C4<11111111111111111111111111111111>;
v0x560052221e40_0 .net "in1", 31 0, v0x560052242020_0;  1 drivers
v0x560052241e00_0 .net "in2", 31 0, v0x560052242110_0;  1 drivers
v0x560052241ee0_0 .net "out", 31 0, L_0x5600522422e0;  alias, 1 drivers
    .scope S_0x560052221aa0;
T_0 ;
    %vpi_call 2 15 "$monitor", "IN1=%b, IN2=%b, OUT=%b", v0x560052242020_0, v0x560052242110_0, v0x5600522421e0_0 {0 0 0};
    %pushi/vec4 42405, 0, 32;
    %store/vec4 v0x560052242020_0, 0, 32;
    %pushi/vec4 23130, 0, 32;
    %store/vec4 v0x560052242110_0, 0, 32;
    %delay 100, 0;
    %pushi/vec4 23130, 0, 32;
    %store/vec4 v0x560052242020_0, 0, 32;
    %delay 400, 0;
    %vpi_call 2 19 "$finish" {0 0 0};
    %end;
    .thread T_0;
# The file index is used to find the file name in the following table.
:file_names 3;
    "N/A";
    "<interactive>";
    "AND_32_Bit.v";
