#! /usr/bin/vvp
:ivl_version "10.1 (stable)";
:ivl_delay_selection "TYPICAL";
:vpi_time_precision + 0;
:vpi_module "system";
:vpi_module "vhdl_sys";
:vpi_module "v2005_math";
:vpi_module "va_math";
S_0x562c7ffe85f0 .scope module, "testbench" "testbench" 2 89;
 .timescale 0 0;
v0x562c8000e330_0 .var "A", 3 0;
v0x562c8000e410_0 .var "B", 3 0;
v0x562c8000e4b0_0 .var "M", 0 0;
v0x562c8000e5a0_0 .net "V", 0 0, L_0x562c8000f730;  1 drivers
v0x562c8000e640_0 .net "sum", 3 0, L_0x562c8000f5d0;  1 drivers
S_0x562c7ffe8300 .scope module, "AS" "ADDSUB" 2 95, 2 67 0, S_0x562c7ffe85f0;
 .timescale 0 0;
    .port_info 0 /OUTPUT 4 "sum"
    .port_info 1 /OUTPUT 1 "V"
    .port_info 2 /INPUT 4 "A"
    .port_info 3 /INPUT 4 "B"
    .port_info 4 /INPUT 1 "M"
L_0x562c8000e730 .functor XOR 1, L_0x562c8000e800, v0x562c8000e4b0_0, C4<0>, C4<0>;
L_0x562c8000e940 .functor XOR 1, L_0x562c8000e9b0, v0x562c8000e4b0_0, C4<0>, C4<0>;
L_0x562c8000ea50 .functor XOR 1, L_0x562c8000eaf0, v0x562c8000e4b0_0, C4<0>, C4<0>;
L_0x562c8000ed80 .functor XOR 1, L_0x562c8000ee70, v0x562c8000e4b0_0, C4<0>, C4<0>;
L_0x562c8000f730 .functor XOR 1, v0x562c8000d120_0, v0x562c8000ca40_0, C4<0>, C4<0>;
v0x562c8000d350_0 .net "A", 3 0, v0x562c8000e330_0;  1 drivers
v0x562c8000d450_0 .net "B", 3 0, v0x562c8000e410_0;  1 drivers
v0x562c8000d530_0 .net "M", 0 0, v0x562c8000e4b0_0;  1 drivers
v0x562c8000d600_0 .net "V", 0 0, L_0x562c8000f730;  alias, 1 drivers
v0x562c8000d6a0_0 .net *"_s1", 0 0, L_0x562c8000e730;  1 drivers
v0x562c8000d7b0_0 .net *"_s11", 0 0, L_0x562c8000ea50;  1 drivers
v0x562c8000d890_0 .net *"_s14", 0 0, L_0x562c8000eaf0;  1 drivers
v0x562c8000d970_0 .net *"_s16", 0 0, L_0x562c8000ed80;  1 drivers
v0x562c8000da50_0 .net *"_s20", 0 0, L_0x562c8000ee70;  1 drivers
v0x562c8000db30_0 .net *"_s4", 0 0, L_0x562c8000e800;  1 drivers
v0x562c8000dc10_0 .net *"_s6", 0 0, L_0x562c8000e940;  1 drivers
v0x562c8000dcf0_0 .net *"_s9", 0 0, L_0x562c8000e9b0;  1 drivers
v0x562c8000ddd0_0 .net "b", 3 0, L_0x562c8000ebe0;  1 drivers
v0x562c8000deb0_0 .net "c1", 0 0, v0x562c8000bc90_0;  1 drivers
v0x562c8000df50_0 .net "c2", 0 0, v0x562c8000c350_0;  1 drivers
v0x562c8000e040_0 .net "c3", 0 0, v0x562c8000ca40_0;  1 drivers
v0x562c8000e130_0 .net "c4", 0 0, v0x562c8000d120_0;  1 drivers
v0x562c8000e1d0_0 .net "sum", 3 0, L_0x562c8000f5d0;  alias, 1 drivers
L_0x562c8000e800 .part v0x562c8000e410_0, 0, 1;
L_0x562c8000e9b0 .part v0x562c8000e410_0, 1, 1;
L_0x562c8000eaf0 .part v0x562c8000e410_0, 2, 1;
L_0x562c8000ebe0 .concat8 [ 1 1 1 1], L_0x562c8000e730, L_0x562c8000e940, L_0x562c8000ea50, L_0x562c8000ed80;
L_0x562c8000ee70 .part v0x562c8000e410_0, 3, 1;
L_0x562c8000ef60 .part v0x562c8000e330_0, 0, 1;
L_0x562c8000f090 .part L_0x562c8000ebe0, 0, 1;
L_0x562c8000f180 .part v0x562c8000e330_0, 1, 1;
L_0x562c8000f270 .part L_0x562c8000ebe0, 1, 1;
L_0x562c8000f310 .part v0x562c8000e330_0, 2, 1;
L_0x562c8000f4a0 .part L_0x562c8000ebe0, 2, 1;
L_0x562c8000f5d0 .concat8 [ 1 1 1 1], v0x562c8000bd50_0, v0x562c8000c3f0_0, v0x562c8000cae0_0, v0x562c8000d1c0_0;
L_0x562c8000f7a0 .part v0x562c8000e330_0, 3, 1;
L_0x562c8000f870 .part L_0x562c8000ebe0, 3, 1;
S_0x562c7ffe7310 .scope module, "f0" "FULLADDER" 2 81, 2 1 0, S_0x562c7ffe8300;
 .timescale 0 0;
    .port_info 0 /OUTPUT 1 "sum"
    .port_info 1 /OUTPUT 1 "cout"
    .port_info 2 /INPUT 1 "a"
    .port_info 3 /INPUT 1 "b"
    .port_info 4 /INPUT 1 "cin"
v0x562c7ffe4290_0 .net "a", 0 0, L_0x562c8000ef60;  1 drivers
v0x562c8000bb30_0 .net "b", 0 0, L_0x562c8000f090;  1 drivers
v0x562c8000bbf0_0 .net "cin", 0 0, v0x562c8000e4b0_0;  alias, 1 drivers
v0x562c8000bc90_0 .var "cout", 0 0;
v0x562c8000bd50_0 .var "sum", 0 0;
E_0x562c7ffd4790 .event edge, v0x562c8000bbf0_0, v0x562c8000bb30_0, v0x562c7ffe4290_0;
S_0x562c8000bf00 .scope module, "f1" "FULLADDER" 2 82, 2 1 0, S_0x562c7ffe8300;
 .timescale 0 0;
    .port_info 0 /OUTPUT 1 "sum"
    .port_info 1 /OUTPUT 1 "cout"
    .port_info 2 /INPUT 1 "a"
    .port_info 3 /INPUT 1 "b"
    .port_info 4 /INPUT 1 "cin"
v0x562c8000c110_0 .net "a", 0 0, L_0x562c8000f180;  1 drivers
v0x562c8000c1f0_0 .net "b", 0 0, L_0x562c8000f270;  1 drivers
v0x562c8000c2b0_0 .net "cin", 0 0, v0x562c8000bc90_0;  alias, 1 drivers
v0x562c8000c350_0 .var "cout", 0 0;
v0x562c8000c3f0_0 .var "sum", 0 0;
E_0x562c7ffd48a0 .event edge, v0x562c8000bc90_0, v0x562c8000c1f0_0, v0x562c8000c110_0;
S_0x562c8000c580 .scope module, "f2" "FULLADDER" 2 83, 2 1 0, S_0x562c7ffe8300;
 .timescale 0 0;
    .port_info 0 /OUTPUT 1 "sum"
    .port_info 1 /OUTPUT 1 "cout"
    .port_info 2 /INPUT 1 "a"
    .port_info 3 /INPUT 1 "b"
    .port_info 4 /INPUT 1 "cin"
v0x562c8000c7a0_0 .net "a", 0 0, L_0x562c8000f310;  1 drivers
v0x562c8000c880_0 .net "b", 0 0, L_0x562c8000f4a0;  1 drivers
v0x562c8000c940_0 .net "cin", 0 0, v0x562c8000c350_0;  alias, 1 drivers
v0x562c8000ca40_0 .var "cout", 0 0;
v0x562c8000cae0_0 .var "sum", 0 0;
E_0x562c7ffd49d0 .event edge, v0x562c8000c350_0, v0x562c8000c880_0, v0x562c8000c7a0_0;
S_0x562c8000cc70 .scope module, "f3" "FULLADDER" 2 84, 2 1 0, S_0x562c7ffe8300;
 .timescale 0 0;
    .port_info 0 /OUTPUT 1 "sum"
    .port_info 1 /OUTPUT 1 "cout"
    .port_info 2 /INPUT 1 "a"
    .port_info 3 /INPUT 1 "b"
    .port_info 4 /INPUT 1 "cin"
v0x562c8000ce80_0 .net "a", 0 0, L_0x562c8000f7a0;  1 drivers
v0x562c8000cf60_0 .net "b", 0 0, L_0x562c8000f870;  1 drivers
v0x562c8000d020_0 .net "cin", 0 0, v0x562c8000ca40_0;  alias, 1 drivers
v0x562c8000d120_0 .var "cout", 0 0;
v0x562c8000d1c0_0 .var "sum", 0 0;
E_0x562c7ffd4b00 .event edge, v0x562c8000ca40_0, v0x562c8000cf60_0, v0x562c8000ce80_0;
    .scope S_0x562c7ffe7310;
T_0 ;
    %wait E_0x562c7ffd4790;
    %load/vec4 v0x562c7ffe4290_0;
    %pad/u 2;
    %load/vec4 v0x562c8000bb30_0;
    %pad/u 2;
    %add;
    %load/vec4 v0x562c8000bbf0_0;
    %pad/u 2;
    %add;
    %split/vec4 1;
    %store/vec4 v0x562c8000bd50_0, 0, 1;
    %store/vec4 v0x562c8000bc90_0, 0, 1;
    %jmp T_0;
    .thread T_0, $push;
    .scope S_0x562c8000bf00;
T_1 ;
    %wait E_0x562c7ffd48a0;
    %load/vec4 v0x562c8000c110_0;
    %pad/u 2;
    %load/vec4 v0x562c8000c1f0_0;
    %pad/u 2;
    %add;
    %load/vec4 v0x562c8000c2b0_0;
    %pad/u 2;
    %add;
    %split/vec4 1;
    %store/vec4 v0x562c8000c3f0_0, 0, 1;
    %store/vec4 v0x562c8000c350_0, 0, 1;
    %jmp T_1;
    .thread T_1, $push;
    .scope S_0x562c8000c580;
T_2 ;
    %wait E_0x562c7ffd49d0;
    %load/vec4 v0x562c8000c7a0_0;
    %pad/u 2;
    %load/vec4 v0x562c8000c880_0;
    %pad/u 2;
    %add;
    %load/vec4 v0x562c8000c940_0;
    %pad/u 2;
    %add;
    %split/vec4 1;
    %store/vec4 v0x562c8000cae0_0, 0, 1;
    %store/vec4 v0x562c8000ca40_0, 0, 1;
    %jmp T_2;
    .thread T_2, $push;
    .scope S_0x562c8000cc70;
T_3 ;
    %wait E_0x562c7ffd4b00;
    %load/vec4 v0x562c8000ce80_0;
    %pad/u 2;
    %load/vec4 v0x562c8000cf60_0;
    %pad/u 2;
    %add;
    %load/vec4 v0x562c8000d020_0;
    %pad/u 2;
    %add;
    %split/vec4 1;
    %store/vec4 v0x562c8000d1c0_0, 0, 1;
    %store/vec4 v0x562c8000d120_0, 0, 1;
    %jmp T_3;
    .thread T_3, $push;
    .scope S_0x562c7ffe85f0;
T_4 ;
    %vpi_call 2 99 "$monitor", " ", $time, " A=%b, B=%b M=%b, sum=%b, Overflow=%b", v0x562c8000e330_0, v0x562c8000e410_0, v0x562c8000e4b0_0, v0x562c8000e640_0, v0x562c8000e5a0_0 {0 0 0};
    %delay 5, 0;
    %pushi/vec4 0, 0, 4;
    %store/vec4 v0x562c8000e330_0, 0, 4;
    %pushi/vec4 0, 0, 4;
    %store/vec4 v0x562c8000e410_0, 0, 4;
    %pushi/vec4 0, 0, 1;
    %store/vec4 v0x562c8000e4b0_0, 0, 1;
    %delay 5, 0;
    %pushi/vec4 1, 0, 4;
    %store/vec4 v0x562c8000e330_0, 0, 4;
    %pushi/vec4 2, 0, 4;
    %store/vec4 v0x562c8000e410_0, 0, 4;
    %pushi/vec4 0, 0, 1;
    %store/vec4 v0x562c8000e4b0_0, 0, 1;
    %delay 5, 0;
    %pushi/vec4 2, 0, 4;
    %store/vec4 v0x562c8000e330_0, 0, 4;
    %pushi/vec4 4, 0, 4;
    %store/vec4 v0x562c8000e410_0, 0, 4;
    %pushi/vec4 0, 0, 1;
    %store/vec4 v0x562c8000e4b0_0, 0, 1;
    %delay 5, 0;
    %pushi/vec4 3, 0, 4;
    %store/vec4 v0x562c8000e330_0, 0, 4;
    %pushi/vec4 8, 0, 4;
    %store/vec4 v0x562c8000e410_0, 0, 4;
    %pushi/vec4 0, 0, 1;
    %store/vec4 v0x562c8000e4b0_0, 0, 1;
    %delay 5, 0;
    %pushi/vec4 4, 0, 4;
    %store/vec4 v0x562c8000e330_0, 0, 4;
    %pushi/vec4 10, 0, 4;
    %store/vec4 v0x562c8000e410_0, 0, 4;
    %pushi/vec4 0, 0, 1;
    %store/vec4 v0x562c8000e4b0_0, 0, 1;
    %delay 5, 0;
    %pushi/vec4 5, 0, 4;
    %store/vec4 v0x562c8000e330_0, 0, 4;
    %pushi/vec4 2, 0, 4;
    %store/vec4 v0x562c8000e410_0, 0, 4;
    %pushi/vec4 0, 0, 1;
    %store/vec4 v0x562c8000e4b0_0, 0, 1;
    %delay 5, 0;
    %pushi/vec4 6, 0, 4;
    %store/vec4 v0x562c8000e330_0, 0, 4;
    %pushi/vec4 4, 0, 4;
    %store/vec4 v0x562c8000e410_0, 0, 4;
    %pushi/vec4 1, 0, 1;
    %store/vec4 v0x562c8000e4b0_0, 0, 1;
    %delay 5, 0;
    %pushi/vec4 7, 0, 4;
    %store/vec4 v0x562c8000e330_0, 0, 4;
    %pushi/vec4 8, 0, 4;
    %store/vec4 v0x562c8000e410_0, 0, 4;
    %pushi/vec4 1, 0, 1;
    %store/vec4 v0x562c8000e4b0_0, 0, 1;
    %delay 5, 0;
    %pushi/vec4 8, 0, 4;
    %store/vec4 v0x562c8000e330_0, 0, 4;
    %pushi/vec4 15, 0, 4;
    %store/vec4 v0x562c8000e410_0, 0, 4;
    %pushi/vec4 1, 0, 1;
    %store/vec4 v0x562c8000e4b0_0, 0, 1;
    %delay 5, 0;
    %pushi/vec4 9, 0, 4;
    %store/vec4 v0x562c8000e330_0, 0, 4;
    %pushi/vec4 8, 0, 4;
    %store/vec4 v0x562c8000e410_0, 0, 4;
    %pushi/vec4 1, 0, 1;
    %store/vec4 v0x562c8000e4b0_0, 0, 1;
    %delay 5, 0;
    %vpi_call 2 110 "$finish" {0 0 0};
    %end;
    .thread T_4;
# The file index is used to find the file name in the following table.
:file_names 3;
    "N/A";
    "<interactive>";
    "ADDSUB.v";
