#! /usr/bin/vvp
:ivl_version "10.1 (stable)";
:ivl_delay_selection "TYPICAL";
:vpi_time_precision + 0;
:vpi_module "system";
:vpi_module "vhdl_sys";
:vpi_module "v2005_math";
:vpi_module "va_math";
S_0x55d8a1370e10 .scope module, "Testbench_Async_Clear" "Testbench_Async_Clear" 2 47;
 .timescale 0 0;
v0x55d8a13913d0_0 .var "clock", 0 0;
v0x55d8a1391490_0 .var "d", 0 0;
v0x55d8a1391560_0 .net "q", 0 0, v0x55d8a1391290_0;  1 drivers
v0x55d8a1391660_0 .var "reset", 0 0;
S_0x55d8a1371110 .scope module, "dff2" "DFlipFlop_Async_Clear" 2 50, 2 14 0, S_0x55d8a1370e10;
 .timescale 0 0;
    .port_info 0 /INPUT 1 "d"
    .port_info 1 /INPUT 1 "not_clear"
    .port_info 2 /INPUT 1 "clock"
    .port_info 3 /OUTPUT 1 "q"
v0x55d8a1371350_0 .net "clock", 0 0, v0x55d8a13913d0_0;  1 drivers
v0x55d8a1391130_0 .net "d", 0 0, v0x55d8a1391490_0;  1 drivers
v0x55d8a13911f0_0 .net "not_clear", 0 0, v0x55d8a1391660_0;  1 drivers
v0x55d8a1391290_0 .var "q", 0 0;
E_0x55d8a1362800/0 .event negedge, v0x55d8a13911f0_0;
E_0x55d8a1362800/1 .event posedge, v0x55d8a1371350_0;
E_0x55d8a1362800 .event/or E_0x55d8a1362800/0, E_0x55d8a1362800/1;
S_0x55d8a1370f90 .scope module, "Testbench_Sync_Clear" "Testbench_Sync_Clear" 2 27;
 .timescale 0 0;
v0x55d8a1391d40_0 .var "clock", 0 0;
v0x55d8a1391e00_0 .var "d", 0 0;
v0x55d8a1391ed0_0 .net "q", 0 0, v0x55d8a1391bd0_0;  1 drivers
v0x55d8a1391fd0_0 .var "reset", 0 0;
S_0x55d8a1391730 .scope module, "dff1" "DFlipFlop_Sync_Clear" 2 30, 2 1 0, S_0x55d8a1370f90;
 .timescale 0 0;
    .port_info 0 /INPUT 1 "d"
    .port_info 1 /INPUT 1 "not_clear"
    .port_info 2 /INPUT 1 "clock"
    .port_info 3 /OUTPUT 1 "q"
v0x55d8a13919c0_0 .net "clock", 0 0, v0x55d8a1391d40_0;  1 drivers
v0x55d8a1391a60_0 .net "d", 0 0, v0x55d8a1391e00_0;  1 drivers
v0x55d8a1391b00_0 .net "not_clear", 0 0, v0x55d8a1391fd0_0;  1 drivers
v0x55d8a1391bd0_0 .var "q", 0 0;
E_0x55d8a1363c90 .event posedge, v0x55d8a13919c0_0;
    .scope S_0x55d8a1371110;
T_0 ;
    %wait E_0x55d8a1362800;
    %load/vec4 v0x55d8a13911f0_0;
    %nor/r;
    %flag_set/vec4 8;
    %jmp/0xz  T_0.0, 8;
    %pushi/vec4 0, 0, 1;
    %assign/vec4 v0x55d8a1391290_0, 0;
    %jmp T_0.1;
T_0.0 ;
    %load/vec4 v0x55d8a1391130_0;
    %assign/vec4 v0x55d8a1391290_0, 0;
T_0.1 ;
    %jmp T_0;
    .thread T_0;
    .scope S_0x55d8a1370e10;
T_1 ;
    %delay 0, 0;
    %pushi/vec4 0, 0, 1;
    %store/vec4 v0x55d8a13913d0_0, 0, 1;
    %pushi/vec4 10, 0, 32;
T_1.0 %dup/vec4;
    %pushi/vec4 0, 0, 32;
    %cmp/s;
    %jmp/1xz T_1.1, 5;
    %jmp/1 T_1.1, 4;
    %pushi/vec4 1, 0, 32;
    %sub;
    %delay 5, 0;
    %load/vec4 v0x55d8a13913d0_0;
    %inv;
    %store/vec4 v0x55d8a13913d0_0, 0, 1;
    %jmp T_1.0;
T_1.1 ;
    %pop/vec4 1;
    %end;
    .thread T_1;
    .scope S_0x55d8a1370e10;
T_2 ;
    %vpi_call 2 59 "$monitor", $time, " D = %b, Reset = %b, Clock = %b, Q = %b.", v0x55d8a1391490_0, v0x55d8a1391660_0, v0x55d8a13913d0_0, v0x55d8a1391560_0 {0 0 0};
    %delay 1, 0;
    %pushi/vec4 0, 0, 1;
    %store/vec4 v0x55d8a1391490_0, 0, 1;
    %pushi/vec4 0, 0, 1;
    %store/vec4 v0x55d8a1391660_0, 0, 1;
    %delay 10, 0;
    %pushi/vec4 1, 0, 1;
    %store/vec4 v0x55d8a1391490_0, 0, 1;
    %pushi/vec4 1, 0, 1;
    %store/vec4 v0x55d8a1391660_0, 0, 1;
    %delay 10, 0;
    %pushi/vec4 0, 0, 1;
    %store/vec4 v0x55d8a1391490_0, 0, 1;
    %pushi/vec4 1, 0, 1;
    %store/vec4 v0x55d8a1391660_0, 0, 1;
    %delay 10, 0;
    %pushi/vec4 1, 0, 1;
    %store/vec4 v0x55d8a1391490_0, 0, 1;
    %pushi/vec4 0, 0, 1;
    %store/vec4 v0x55d8a1391660_0, 0, 1;
    %end;
    .thread T_2;
    .scope S_0x55d8a1391730;
T_3 ;
    %wait E_0x55d8a1363c90;
    %load/vec4 v0x55d8a1391b00_0;
    %nor/r;
    %flag_set/vec4 8;
    %jmp/0xz  T_3.0, 8;
    %pushi/vec4 0, 0, 1;
    %assign/vec4 v0x55d8a1391bd0_0, 0;
    %jmp T_3.1;
T_3.0 ;
    %load/vec4 v0x55d8a1391a60_0;
    %assign/vec4 v0x55d8a1391bd0_0, 0;
T_3.1 ;
    %jmp T_3;
    .thread T_3;
    .scope S_0x55d8a1370f90;
T_4 ;
    %delay 0, 0;
    %pushi/vec4 0, 0, 1;
    %store/vec4 v0x55d8a1391d40_0, 0, 1;
    %pushi/vec4 10, 0, 32;
T_4.0 %dup/vec4;
    %pushi/vec4 0, 0, 32;
    %cmp/s;
    %jmp/1xz T_4.1, 5;
    %jmp/1 T_4.1, 4;
    %pushi/vec4 1, 0, 32;
    %sub;
    %delay 5, 0;
    %load/vec4 v0x55d8a1391d40_0;
    %inv;
    %store/vec4 v0x55d8a1391d40_0, 0, 1;
    %jmp T_4.0;
T_4.1 ;
    %pop/vec4 1;
    %end;
    .thread T_4;
    .scope S_0x55d8a1370f90;
T_5 ;
    %vpi_call 2 39 "$monitor", $time, " D = %b, Reset = %b, Clock = %b, Q = %b.", v0x55d8a1391e00_0, v0x55d8a1391fd0_0, v0x55d8a1391d40_0, v0x55d8a1391ed0_0 {0 0 0};
    %delay 1, 0;
    %pushi/vec4 0, 0, 1;
    %store/vec4 v0x55d8a1391e00_0, 0, 1;
    %pushi/vec4 0, 0, 1;
    %store/vec4 v0x55d8a1391fd0_0, 0, 1;
    %delay 10, 0;
    %pushi/vec4 1, 0, 1;
    %store/vec4 v0x55d8a1391e00_0, 0, 1;
    %pushi/vec4 1, 0, 1;
    %store/vec4 v0x55d8a1391fd0_0, 0, 1;
    %delay 10, 0;
    %pushi/vec4 0, 0, 1;
    %store/vec4 v0x55d8a1391e00_0, 0, 1;
    %pushi/vec4 1, 0, 1;
    %store/vec4 v0x55d8a1391fd0_0, 0, 1;
    %delay 10, 0;
    %pushi/vec4 1, 0, 1;
    %store/vec4 v0x55d8a1391e00_0, 0, 1;
    %pushi/vec4 0, 0, 1;
    %store/vec4 v0x55d8a1391fd0_0, 0, 1;
    %end;
    .thread T_5;
# The file index is used to find the file name in the following table.
:file_names 3;
    "N/A";
    "<interactive>";
    "DFlipFlop.v";
