#! /usr/bin/vvp
:ivl_version "10.1 (stable)";
:ivl_delay_selection "TYPICAL";
:vpi_time_precision + 0;
:vpi_module "system";
:vpi_module "vhdl_sys";
:vpi_module "v2005_math";
:vpi_module "va_math";
S_0x564550694b80 .scope module, "tb_FSM_SeqDetect" "tb_FSM_SeqDetect" 2 59;
 .timescale 0 0;
v0x5645506b5520_0 .var "clock", 0 0;
v0x5645506b55f0_0 .var/i "i", 31 0;
v0x5645506b56b0_0 .var "in", 0 0;
v0x5645506b57b0_0 .var "reset", 0 0;
v0x5645506b5880_0 .var "seq", 0 15;
S_0x564550694d00 .scope module, "fsm" "FSM_Seq_Detect" 2 63, 2 1 0, S_0x564550694b80;
 .timescale 0 0;
    .port_info 0 /INPUT 1 "in"
    .port_info 1 /INPUT 1 "clock"
    .port_info 2 /INPUT 1 "reset"
P_0x564550694ed0 .param/l "s0" 0 2 6, C4<000>;
P_0x564550694f10 .param/l "s1" 0 2 7, C4<001>;
P_0x564550694f50 .param/l "s2" 0 2 8, C4<010>;
P_0x564550694f90 .param/l "s3" 0 2 9, C4<011>;
P_0x564550694fd0 .param/l "s4" 0 2 10, C4<100>;
v0x564550695200_0 .net "clock", 0 0, v0x5645506b5520_0;  1 drivers
v0x5645506b5260_0 .net "in", 0 0, v0x5645506b56b0_0;  1 drivers
v0x5645506b5320_0 .net "reset", 0 0, v0x5645506b57b0_0;  1 drivers
v0x5645506b53c0_0 .var "state", 2 0;
E_0x56455068d4b0 .event posedge, v0x5645506b5320_0, v0x564550695200_0;
    .scope S_0x564550694d00;
T_0 ;
    %wait E_0x56455068d4b0;
    %load/vec4 v0x5645506b5320_0;
    %flag_set/vec4 8;
    %jmp/0xz  T_0.0, 8;
    %pushi/vec4 0, 0, 3;
    %assign/vec4 v0x5645506b53c0_0, 0;
    %jmp T_0.1;
T_0.0 ;
    %load/vec4 v0x5645506b53c0_0;
    %dup/vec4;
    %pushi/vec4 0, 0, 3;
    %cmp/u;
    %jmp/1 T_0.2, 6;
    %dup/vec4;
    %pushi/vec4 1, 0, 3;
    %cmp/u;
    %jmp/1 T_0.3, 6;
    %dup/vec4;
    %pushi/vec4 2, 0, 3;
    %cmp/u;
    %jmp/1 T_0.4, 6;
    %dup/vec4;
    %pushi/vec4 3, 0, 3;
    %cmp/u;
    %jmp/1 T_0.5, 6;
    %dup/vec4;
    %pushi/vec4 4, 0, 3;
    %cmp/u;
    %jmp/1 T_0.6, 6;
    %jmp T_0.7;
T_0.2 ;
    %load/vec4 v0x5645506b5260_0;
    %flag_set/vec4 8;
    %jmp/0xz  T_0.8, 8;
    %pushi/vec4 1, 0, 3;
    %assign/vec4 v0x5645506b53c0_0, 0;
    %jmp T_0.9;
T_0.8 ;
    %pushi/vec4 0, 0, 3;
    %assign/vec4 v0x5645506b53c0_0, 0;
T_0.9 ;
    %jmp T_0.7;
T_0.3 ;
    %load/vec4 v0x5645506b5260_0;
    %flag_set/vec4 8;
    %jmp/0xz  T_0.10, 8;
    %pushi/vec4 1, 0, 3;
    %assign/vec4 v0x5645506b53c0_0, 0;
    %jmp T_0.11;
T_0.10 ;
    %pushi/vec4 2, 0, 3;
    %assign/vec4 v0x5645506b53c0_0, 0;
T_0.11 ;
    %jmp T_0.7;
T_0.4 ;
    %load/vec4 v0x5645506b5260_0;
    %flag_set/vec4 8;
    %jmp/0xz  T_0.12, 8;
    %pushi/vec4 3, 0, 3;
    %assign/vec4 v0x5645506b53c0_0, 0;
    %jmp T_0.13;
T_0.12 ;
    %pushi/vec4 0, 0, 3;
    %assign/vec4 v0x5645506b53c0_0, 0;
T_0.13 ;
    %jmp T_0.7;
T_0.5 ;
    %load/vec4 v0x5645506b5260_0;
    %flag_set/vec4 8;
    %jmp/0xz  T_0.14, 8;
    %pushi/vec4 4, 0, 3;
    %assign/vec4 v0x5645506b53c0_0, 0;
    %jmp T_0.15;
T_0.14 ;
    %pushi/vec4 2, 0, 3;
    %assign/vec4 v0x5645506b53c0_0, 0;
T_0.15 ;
    %jmp T_0.7;
T_0.6 ;
    %vpi_call 2 48 "$display", "Sequence detected" {0 0 0};
    %load/vec4 v0x5645506b5260_0;
    %flag_set/vec4 8;
    %jmp/0xz  T_0.16, 8;
    %pushi/vec4 1, 0, 3;
    %assign/vec4 v0x5645506b53c0_0, 0;
    %jmp T_0.17;
T_0.16 ;
    %pushi/vec4 2, 0, 3;
    %assign/vec4 v0x5645506b53c0_0, 0;
T_0.17 ;
    %jmp T_0.7;
T_0.7 ;
    %pop/vec4 1;
T_0.1 ;
    %jmp T_0;
    .thread T_0;
    .scope S_0x564550694b80;
T_1 ;
    %pushi/vec4 0, 0, 1;
    %store/vec4 v0x5645506b5520_0, 0, 1;
    %end;
    .thread T_1;
    .scope S_0x564550694b80;
T_2 ;
    %pushi/vec4 0, 0, 1;
    %store/vec4 v0x5645506b57b0_0, 0, 1;
    %pushi/vec4 1, 0, 1;
    %store/vec4 v0x5645506b57b0_0, 0, 1;
    %pushi/vec4 45232, 0, 16;
    %store/vec4 v0x5645506b5880_0, 0, 16;
    %delay 2, 0;
    %pushi/vec4 0, 0, 1;
    %store/vec4 v0x5645506b57b0_0, 0, 1;
    %pushi/vec4 0, 0, 32;
    %store/vec4 v0x5645506b55f0_0, 0, 32;
T_2.0 ;
    %load/vec4 v0x5645506b55f0_0;
    %cmpi/s 16, 0, 32;
    %jmp/0xz T_2.1, 5;
    %load/vec4 v0x5645506b5880_0;
    %pushi/vec4 15, 0, 34;
    %load/vec4 v0x5645506b55f0_0;
    %pad/s 34;
    %sub;
    %part/s 1;
    %store/vec4 v0x5645506b56b0_0, 0, 1;
    %delay 2, 0;
    %pushi/vec4 1, 0, 1;
    %store/vec4 v0x5645506b5520_0, 0, 1;
    %delay 2, 0;
    %pushi/vec4 0, 0, 1;
    %store/vec4 v0x5645506b5520_0, 0, 1;
    %vpi_call 2 90 "$display", $time, " State = ", v0x5645506b53c0_0, " Input = ", v0x5645506b56b0_0 {0 0 0};
    %load/vec4 v0x5645506b55f0_0;
    %addi 1, 0, 32;
    %store/vec4 v0x5645506b55f0_0, 0, 32;
    %jmp T_2.0;
T_2.1 ;
    %delay 100, 0;
    %vpi_call 2 92 "$finish" {0 0 0};
    %end;
    .thread T_2;
# The file index is used to find the file name in the following table.
:file_names 3;
    "N/A";
    "<interactive>";
    "FSM_SeqDetect.v";
