#! /usr/bin/vvp
:ivl_version "10.1 (stable)";
:ivl_delay_selection "TYPICAL";
:vpi_time_precision - 9;
:vpi_module "system";
:vpi_module "vhdl_sys";
:vpi_module "v2005_math";
:vpi_module "va_math";
S_0x55f1dad67080 .scope module, "tb_Serial_Adder" "tb_Serial_Adder" 2 58;
 .timescale 0 -9;
v0x55f1dad893d0_0 .var "SI", 0 0;
v0x55f1dad894e0_0 .net "a", 3 0, v0x55f1dad88320_0;  1 drivers
v0x55f1dad895f0_0 .var "b", 0 3;
v0x55f1dad896b0_0 .var "clear", 0 0;
v0x55f1dad897a0_0 .var "clock", 0 0;
v0x55f1dad89890_0 .var/i "i", 31 0;
v0x55f1dad89970_0 .var "shiftCtrl", 0 0;
v0x55f1dad89a10_0 .net "sum", 0 0, L_0x55f1dad89b50;  1 drivers
S_0x55f1dad67200 .scope module, "SA" "Serial_Adder_4bit" 2 67, 2 36 0, S_0x55f1dad67080;
 .timescale 0 -9;
    .port_info 0 /OUTPUT 4 "SO1"
    .port_info 1 /OUTPUT 1 "sum"
    .port_info 2 /INPUT 1 "SI"
    .port_info 3 /INPUT 1 "shiftCtrl"
    .port_info 4 /INPUT 1 "clear"
    .port_info 5 /INPUT 1 "clock"
L_0x55f1dad89f20 .functor AND 1, v0x55f1dad897a0_0, v0x55f1dad89970_0, C4<1>, C4<1>;
v0x55f1dad88b60_0 .net "SI", 0 0, v0x55f1dad893d0_0;  1 drivers
v0x55f1dad88c20_0 .net "SO1", 3 0, v0x55f1dad88320_0;  alias, 1 drivers
v0x55f1dad88cf0_0 .net "SO2", 3 0, v0x55f1dad88a10_0;  1 drivers
v0x55f1dad88df0_0 .net "clear", 0 0, v0x55f1dad896b0_0;  1 drivers
v0x55f1dad88ec0_0 .net "clock", 0 0, v0x55f1dad897a0_0;  1 drivers
v0x55f1dad89000_0 .net "cout", 0 0, L_0x55f1dad89ab0;  1 drivers
v0x55f1dad890f0_0 .net "q", 0 0, v0x55f1dad86e60_0;  1 drivers
v0x55f1dad891e0_0 .net "shiftCtrl", 0 0, v0x55f1dad89970_0;  1 drivers
v0x55f1dad892d0_0 .net "sum", 0 0, L_0x55f1dad89b50;  alias, 1 drivers
L_0x55f1dad8a2a0 .part v0x55f1dad88320_0, 0, 1;
L_0x55f1dad8a390 .part v0x55f1dad88a10_0, 0, 1;
S_0x55f1dad67380 .scope module, "DFF" "DFlipFlop_Async_Clear" 2 54, 2 16 0, S_0x55f1dad67200;
 .timescale 0 -9;
    .port_info 0 /INPUT 1 "d"
    .port_info 1 /INPUT 1 "not_clear"
    .port_info 2 /INPUT 1 "clock"
    .port_info 3 /OUTPUT 1 "q"
v0x55f1dad5fc20_0 .net "clock", 0 0, L_0x55f1dad89f20;  1 drivers
v0x55f1dad86d00_0 .net "d", 0 0, L_0x55f1dad89ab0;  alias, 1 drivers
v0x55f1dad86dc0_0 .net "not_clear", 0 0, v0x55f1dad896b0_0;  alias, 1 drivers
v0x55f1dad86e60_0 .var "q", 0 0;
E_0x55f1dad52fc0/0 .event negedge, v0x55f1dad86dc0_0;
E_0x55f1dad52fc0/1 .event posedge, v0x55f1dad5fc20_0;
E_0x55f1dad52fc0 .event/or E_0x55f1dad52fc0/0, E_0x55f1dad52fc0/1;
S_0x55f1dad86fa0 .scope module, "FA" "FADDER_1bit" 2 53, 2 29 0, S_0x55f1dad67200;
 .timescale 0 -9;
    .port_info 0 /OUTPUT 1 "Cout"
    .port_info 1 /OUTPUT 1 "Sum"
    .port_info 2 /INPUT 1 "In1"
    .port_info 3 /INPUT 1 "In2"
    .port_info 4 /INPUT 1 "Cin"
v0x55f1dad87210_0 .net "Cin", 0 0, v0x55f1dad86e60_0;  alias, 1 drivers
v0x55f1dad872b0_0 .net "Cout", 0 0, L_0x55f1dad89ab0;  alias, 1 drivers
v0x55f1dad87350_0 .net "In1", 0 0, L_0x55f1dad8a2a0;  1 drivers
v0x55f1dad87420_0 .net "In2", 0 0, L_0x55f1dad8a390;  1 drivers
v0x55f1dad874c0_0 .net "Sum", 0 0, L_0x55f1dad89b50;  alias, 1 drivers
L_0x7f7fea9a8060 .functor BUFT 1, C4<0>, C4<0>, C4<0>, C4<0>;
v0x55f1dad875b0_0 .net *"_s10", 0 0, L_0x7f7fea9a8060;  1 drivers
v0x55f1dad87690_0 .net *"_s11", 1 0, L_0x55f1dad89e80;  1 drivers
v0x55f1dad87770_0 .net *"_s13", 1 0, L_0x55f1dad8a030;  1 drivers
L_0x7f7fea9a80a8 .functor BUFT 1, C4<0>, C4<0>, C4<0>, C4<0>;
v0x55f1dad87850_0 .net *"_s16", 0 0, L_0x7f7fea9a80a8;  1 drivers
v0x55f1dad87930_0 .net *"_s17", 1 0, L_0x55f1dad8a160;  1 drivers
v0x55f1dad87a10_0 .net *"_s3", 1 0, L_0x55f1dad89c80;  1 drivers
L_0x7f7fea9a8018 .functor BUFT 1, C4<0>, C4<0>, C4<0>, C4<0>;
v0x55f1dad87af0_0 .net *"_s6", 0 0, L_0x7f7fea9a8018;  1 drivers
v0x55f1dad87bd0_0 .net *"_s7", 1 0, L_0x55f1dad89d90;  1 drivers
L_0x55f1dad89ab0 .part L_0x55f1dad8a160, 1, 1;
L_0x55f1dad89b50 .part L_0x55f1dad8a160, 0, 1;
L_0x55f1dad89c80 .concat [ 1 1 0 0], L_0x55f1dad8a2a0, L_0x7f7fea9a8018;
L_0x55f1dad89d90 .concat [ 1 1 0 0], L_0x55f1dad8a390, L_0x7f7fea9a8060;
L_0x55f1dad89e80 .arith/sum 2, L_0x55f1dad89c80, L_0x55f1dad89d90;
L_0x55f1dad8a030 .concat [ 1 1 0 0], v0x55f1dad86e60_0, L_0x7f7fea9a80a8;
L_0x55f1dad8a160 .arith/sum 2, L_0x55f1dad89e80, L_0x55f1dad8a030;
S_0x55f1dad87d50 .scope module, "SR1" "ShiftReg" 2 50, 2 2 0, S_0x55f1dad67200;
 .timescale 0 -9;
    .port_info 0 /INPUT 1 "in"
    .port_info 1 /INPUT 1 "en"
    .port_info 2 /INPUT 1 "clock"
    .port_info 3 /OUTPUT 4 "q"
P_0x55f1dad87ed0 .param/l "n" 0 2 3, +C4<00000000000000000000000000000100>;
v0x55f1dad88080_0 .net "clock", 0 0, v0x55f1dad897a0_0;  alias, 1 drivers
v0x55f1dad88160_0 .net "en", 0 0, v0x55f1dad89970_0;  alias, 1 drivers
v0x55f1dad88220_0 .net "in", 0 0, L_0x55f1dad89b50;  alias, 1 drivers
v0x55f1dad88320_0 .var "q", 3 0;
E_0x55f1dad515e0 .event posedge, v0x55f1dad88080_0;
S_0x55f1dad88470 .scope module, "SR2" "ShiftReg" 2 51, 2 2 0, S_0x55f1dad67200;
 .timescale 0 -9;
    .port_info 0 /INPUT 1 "in"
    .port_info 1 /INPUT 1 "en"
    .port_info 2 /INPUT 1 "clock"
    .port_info 3 /OUTPUT 4 "q"
P_0x55f1dad88640 .param/l "n" 0 2 3, +C4<00000000000000000000000000000100>;
v0x55f1dad88780_0 .net "clock", 0 0, v0x55f1dad897a0_0;  alias, 1 drivers
v0x55f1dad88870_0 .net "en", 0 0, v0x55f1dad89970_0;  alias, 1 drivers
v0x55f1dad88940_0 .net "in", 0 0, v0x55f1dad893d0_0;  alias, 1 drivers
v0x55f1dad88a10_0 .var "q", 3 0;
    .scope S_0x55f1dad87d50;
T_0 ;
    %pushi/vec4 10, 0, 4;
    %store/vec4 v0x55f1dad88320_0, 0, 4;
    %end;
    .thread T_0;
    .scope S_0x55f1dad87d50;
T_1 ;
    %wait E_0x55f1dad515e0;
    %load/vec4 v0x55f1dad88160_0;
    %flag_set/vec4 8;
    %jmp/0xz  T_1.0, 8;
    %load/vec4 v0x55f1dad88220_0;
    %load/vec4 v0x55f1dad88320_0;
    %parti/s 3, 1, 2;
    %concat/vec4; draw_concat_vec4
    %store/vec4 v0x55f1dad88320_0, 0, 4;
T_1.0 ;
    %jmp T_1;
    .thread T_1;
    .scope S_0x55f1dad88470;
T_2 ;
    %pushi/vec4 10, 0, 4;
    %store/vec4 v0x55f1dad88a10_0, 0, 4;
    %end;
    .thread T_2;
    .scope S_0x55f1dad88470;
T_3 ;
    %wait E_0x55f1dad515e0;
    %load/vec4 v0x55f1dad88870_0;
    %flag_set/vec4 8;
    %jmp/0xz  T_3.0, 8;
    %load/vec4 v0x55f1dad88940_0;
    %load/vec4 v0x55f1dad88a10_0;
    %parti/s 3, 1, 2;
    %concat/vec4; draw_concat_vec4
    %store/vec4 v0x55f1dad88a10_0, 0, 4;
T_3.0 ;
    %jmp T_3;
    .thread T_3;
    .scope S_0x55f1dad67380;
T_4 ;
    %wait E_0x55f1dad52fc0;
    %load/vec4 v0x55f1dad86dc0_0;
    %nor/r;
    %flag_set/vec4 8;
    %jmp/0xz  T_4.0, 8;
    %pushi/vec4 0, 0, 1;
    %assign/vec4 v0x55f1dad86e60_0, 0;
    %jmp T_4.1;
T_4.0 ;
    %load/vec4 v0x55f1dad86d00_0;
    %assign/vec4 v0x55f1dad86e60_0, 0;
T_4.1 ;
    %jmp T_4;
    .thread T_4;
    .scope S_0x55f1dad67200;
T_5 ;
    %vpi_call 2 39 "$dumpfile", "Serial_Adder_4bit.vcd" {0 0 0};
    %vpi_call 2 40 "$dumpvars" {0 0 0};
    %end;
    .thread T_5;
    .scope S_0x55f1dad67080;
T_6 ;
    %wait E_0x55f1dad515e0;
    %vpi_call 2 70 "$display", $time, " ShftCtrl = %b ", v0x55f1dad89970_0, " SI = %b ", v0x55f1dad893d0_0, " sum:= ", v0x55f1dad89a10_0, " Acc = %b ", v0x55f1dad894e0_0, "Clk: = ", v0x55f1dad897a0_0, " dff_out = %b ", v0x55f1dad86e60_0 {0 0 0};
    %jmp T_6;
    .thread T_6;
    .scope S_0x55f1dad67080;
T_7 ;
    %pushi/vec4 1, 0, 1;
    %store/vec4 v0x55f1dad89970_0, 0, 1;
    %pushi/vec4 0, 0, 1;
    %store/vec4 v0x55f1dad897a0_0, 0, 1;
    %pushi/vec4 0, 0, 1;
    %store/vec4 v0x55f1dad896b0_0, 0, 1;
    %delay 2000000000, 0;
    %pushi/vec4 1, 0, 1;
    %store/vec4 v0x55f1dad896b0_0, 0, 1;
    %pushi/vec4 6, 0, 4;
    %store/vec4 v0x55f1dad895f0_0, 0, 4;
    %pushi/vec4 0, 0, 32;
    %store/vec4 v0x55f1dad89890_0, 0, 32;
T_7.0 ;
    %load/vec4 v0x55f1dad89890_0;
    %cmpi/s 4, 0, 32;
    %jmp/0xz T_7.1, 5;
    %load/vec4 v0x55f1dad895f0_0;
    %pushi/vec4 3, 0, 34;
    %load/vec4 v0x55f1dad89890_0;
    %pad/s 34;
    %sub;
    %part/s 1;
    %store/vec4 v0x55f1dad893d0_0, 0, 1;
    %delay 2000000000, 0;
    %pushi/vec4 1, 0, 1;
    %store/vec4 v0x55f1dad897a0_0, 0, 1;
    %delay 2000000000, 0;
    %pushi/vec4 0, 0, 1;
    %store/vec4 v0x55f1dad897a0_0, 0, 1;
    %load/vec4 v0x55f1dad89890_0;
    %pushi/vec4 1, 0, 32;
    %add;
    %store/vec4 v0x55f1dad89890_0, 0, 32;
    %jmp T_7.0;
T_7.1 ;
    %end;
    .thread T_7;
# The file index is used to find the file name in the following table.
:file_names 3;
    "N/A";
    "<interactive>";
    "Serial_Adder_4bit.v";
