#! /usr/bin/vvp
:ivl_version "10.1 (stable)";
:ivl_delay_selection "TYPICAL";
:vpi_time_precision - 9;
:vpi_module "system";
:vpi_module "vhdl_sys";
:vpi_module "v2005_math";
:vpi_module "va_math";
S_0x558d4aa25410 .scope module, "SATestBench" "SATestBench" 2 70;
 .timescale -9 -9;
v0x558d4aa47610_0 .var "a", 3 0;
v0x558d4aa476f0_0 .var "b", 3 0;
v0x558d4aa47800_0 .var "clock", 0 0;
v0x558d4aa478a0_0 .net "cout", 0 0, L_0x558d4aa47a80;  1 drivers
v0x558d4aa47940_0 .net "sum", 3 0, v0x558d4aa467f0_0;  1 drivers
S_0x558d4aa25590 .scope module, "sa" "serial" 2 75, 2 52 0, S_0x558d4aa25410;
 .timescale -9 -9;
    .port_info 0 /OUTPUT 4 "sum"
    .port_info 1 /OUTPUT 1 "cout"
    .port_info 2 /INPUT 4 "a"
    .port_info 3 /INPUT 4 "b"
    .port_info 4 /INPUT 1 "clk"
v0x558d4aa46de0_0 .net "a", 3 0, v0x558d4aa47610_0;  1 drivers
v0x558d4aa46ed0_0 .net "b", 3 0, v0x558d4aa476f0_0;  1 drivers
v0x558d4aa46fa0_0 .net "cin", 0 0, v0x558d4aa46ce0_0;  1 drivers
v0x558d4aa470c0_0 .net "clk", 0 0, v0x558d4aa47800_0;  1 drivers
v0x558d4aa47160_0 .net "cout", 0 0, L_0x558d4aa47a80;  alias, 1 drivers
v0x558d4aa47250_0 .net "s", 0 0, L_0x558d4aa47bb0;  1 drivers
v0x558d4aa47340_0 .net "sum", 3 0, v0x558d4aa467f0_0;  alias, 1 drivers
v0x558d4aa473e0_0 .net "x", 3 0, v0x558d4aa22e80_0;  1 drivers
v0x558d4aa47480_0 .net "z", 3 0, v0x558d4aa45550_0;  1 drivers
L_0x558d4aa48260 .part v0x558d4aa22e80_0, 0, 1;
L_0x558d4aa483a0 .part v0x558d4aa45550_0, 0, 1;
S_0x558d4aa25710 .scope module, "g" "shift" 2 66, 2 4 0, S_0x558d4aa25590;
 .timescale -9 -9;
    .port_info 0 /OUTPUT 4 "y"
    .port_info 1 /INPUT 4 "d"
    .port_info 2 /INPUT 1 "clk"
v0x558d4aa219f0_0 .net "clk", 0 0, v0x558d4aa47800_0;  alias, 1 drivers
v0x558d4aa220c0_0 .net "d", 3 0, v0x558d4aa47610_0;  alias, 1 drivers
v0x558d4aa22e80_0 .var "y", 3 0;
E_0x558d4aa18630 .event posedge, v0x558d4aa219f0_0;
S_0x558d4aa451b0 .scope module, "h" "shift" 2 67, 2 4 0, S_0x558d4aa25590;
 .timescale -9 -9;
    .port_info 0 /OUTPUT 4 "y"
    .port_info 1 /INPUT 4 "d"
    .port_info 2 /INPUT 1 "clk"
v0x558d4aa453d0_0 .net "clk", 0 0, v0x558d4aa47800_0;  alias, 1 drivers
v0x558d4aa45490_0 .net "d", 3 0, v0x558d4aa476f0_0;  alias, 1 drivers
v0x558d4aa45550_0 .var "y", 3 0;
S_0x558d4aa45690 .scope module, "k" "fa" 2 63, 2 31 0, S_0x558d4aa25590;
 .timescale -9 -9;
    .port_info 0 /OUTPUT 1 "s"
    .port_info 1 /OUTPUT 1 "cout"
    .port_info 2 /INPUT 1 "a"
    .port_info 3 /INPUT 1 "b"
    .port_info 4 /INPUT 1 "cin"
L_0x7f8c99592060 .functor BUFT 1, C4<0>, C4<0>, C4<0>, C4<0>;
v0x558d4aa45890_0 .net *"_s10", 0 0, L_0x7f8c99592060;  1 drivers
v0x558d4aa45950_0 .net *"_s11", 1 0, L_0x558d4aa47eb0;  1 drivers
v0x558d4aa45a30_0 .net *"_s13", 1 0, L_0x558d4aa47ff0;  1 drivers
L_0x7f8c995920a8 .functor BUFT 1, C4<0>, C4<0>, C4<0>, C4<0>;
v0x558d4aa45b20_0 .net *"_s16", 0 0, L_0x7f8c995920a8;  1 drivers
v0x558d4aa45c00_0 .net *"_s17", 1 0, L_0x558d4aa48120;  1 drivers
v0x558d4aa45d30_0 .net *"_s3", 1 0, L_0x558d4aa47c50;  1 drivers
L_0x7f8c99592018 .functor BUFT 1, C4<0>, C4<0>, C4<0>, C4<0>;
v0x558d4aa45e10_0 .net *"_s6", 0 0, L_0x7f8c99592018;  1 drivers
v0x558d4aa45ef0_0 .net *"_s7", 1 0, L_0x558d4aa47d60;  1 drivers
v0x558d4aa45fd0_0 .net "a", 0 0, L_0x558d4aa48260;  1 drivers
v0x558d4aa46090_0 .net "b", 0 0, L_0x558d4aa483a0;  1 drivers
v0x558d4aa46150_0 .net "cin", 0 0, v0x558d4aa46ce0_0;  alias, 1 drivers
v0x558d4aa46210_0 .net "cout", 0 0, L_0x558d4aa47a80;  alias, 1 drivers
v0x558d4aa462d0_0 .net "s", 0 0, L_0x558d4aa47bb0;  alias, 1 drivers
L_0x558d4aa47a80 .part L_0x558d4aa48120, 1, 1;
L_0x558d4aa47bb0 .part L_0x558d4aa48120, 0, 1;
L_0x558d4aa47c50 .concat [ 1 1 0 0], L_0x558d4aa48260, L_0x7f8c99592018;
L_0x558d4aa47d60 .concat [ 1 1 0 0], L_0x558d4aa483a0, L_0x7f8c99592060;
L_0x558d4aa47eb0 .arith/sum 2, L_0x558d4aa47c50, L_0x558d4aa47d60;
L_0x558d4aa47ff0 .concat [ 1 1 0 0], v0x558d4aa46ce0_0, L_0x7f8c995920a8;
L_0x558d4aa48120 .arith/sum 2, L_0x558d4aa47eb0, L_0x558d4aa47ff0;
S_0x558d4aa46430 .scope module, "m" "sipo" 2 65, 2 19 0, S_0x558d4aa25590;
 .timescale -9 -9;
    .port_info 0 /OUTPUT 4 "y"
    .port_info 1 /INPUT 1 "s"
    .port_info 2 /INPUT 1 "clk"
v0x558d4aa46620_0 .net "clk", 0 0, v0x558d4aa47800_0;  alias, 1 drivers
v0x558d4aa46730_0 .net "s", 0 0, L_0x558d4aa47bb0;  alias, 1 drivers
v0x558d4aa467f0_0 .var "y", 3 0;
S_0x558d4aa468f0 .scope module, "q" "dff" 2 64, 2 38 0, S_0x558d4aa25590;
 .timescale -9 -9;
    .port_info 0 /OUTPUT 1 "q"
    .port_info 1 /INPUT 1 "d"
    .port_info 2 /INPUT 1 "clk"
v0x558d4aa46b60_0 .net "clk", 0 0, v0x558d4aa47800_0;  alias, 1 drivers
v0x558d4aa46c20_0 .net "d", 0 0, L_0x558d4aa47a80;  alias, 1 drivers
v0x558d4aa46ce0_0 .var "q", 0 0;
    .scope S_0x558d4aa468f0;
T_0 ;
    %pushi/vec4 0, 0, 1;
    %store/vec4 v0x558d4aa46ce0_0, 0, 1;
    %end;
    .thread T_0;
    .scope S_0x558d4aa468f0;
T_1 ;
    %wait E_0x558d4aa18630;
    %load/vec4 v0x558d4aa46c20_0;
    %store/vec4 v0x558d4aa46ce0_0, 0, 1;
    %jmp T_1;
    .thread T_1;
    .scope S_0x558d4aa46430;
T_2 ;
    %wait E_0x558d4aa18630;
    %load/vec4 v0x558d4aa46730_0;
    %load/vec4 v0x558d4aa467f0_0;
    %parti/s 3, 1, 2;
    %concat/vec4; draw_concat_vec4
    %store/vec4 v0x558d4aa467f0_0, 0, 4;
    %jmp T_2;
    .thread T_2;
    .scope S_0x558d4aa25710;
T_3 ;
    %load/vec4 v0x558d4aa220c0_0;
    %cassign/vec4 v0x558d4aa22e80_0;
    %cassign/link v0x558d4aa22e80_0, v0x558d4aa220c0_0;
    %end;
    .thread T_3;
    .scope S_0x558d4aa25710;
T_4 ;
    %wait E_0x558d4aa18630;
    %load/vec4 v0x558d4aa22e80_0;
    %ix/load 4, 1, 0;
    %flag_set/imm 4, 0;
    %shiftr 4;
    %store/vec4 v0x558d4aa22e80_0, 0, 4;
    %jmp T_4;
    .thread T_4;
    .scope S_0x558d4aa451b0;
T_5 ;
    %load/vec4 v0x558d4aa45490_0;
    %cassign/vec4 v0x558d4aa45550_0;
    %cassign/link v0x558d4aa45550_0, v0x558d4aa45490_0;
    %end;
    .thread T_5;
    .scope S_0x558d4aa451b0;
T_6 ;
    %wait E_0x558d4aa18630;
    %load/vec4 v0x558d4aa45550_0;
    %ix/load 4, 1, 0;
    %flag_set/imm 4, 0;
    %shiftr 4;
    %store/vec4 v0x558d4aa45550_0, 0, 4;
    %jmp T_6;
    .thread T_6;
    .scope S_0x558d4aa25410;
T_7 ;
    %delay 5, 0;
    %pushi/vec4 0, 0, 1;
    %store/vec4 v0x558d4aa47800_0, 0, 1;
    %pushi/vec4 6, 0, 32;
T_7.0 %dup/vec4;
    %pushi/vec4 0, 0, 32;
    %cmp/s;
    %jmp/1xz T_7.1, 5;
    %jmp/1 T_7.1, 4;
    %pushi/vec4 1, 0, 32;
    %sub;
    %delay 5, 0;
    %load/vec4 v0x558d4aa47800_0;
    %inv;
    %store/vec4 v0x558d4aa47800_0, 0, 1;
    %jmp T_7.0;
T_7.1 ;
    %pop/vec4 1;
    %end;
    .thread T_7;
    .scope S_0x558d4aa25410;
T_8 ;
    %delay 0, 0;
    %pushi/vec4 7, 0, 4;
    %store/vec4 v0x558d4aa47610_0, 0, 4;
    %pushi/vec4 6, 0, 4;
    %store/vec4 v0x558d4aa476f0_0, 0, 4;
    %vpi_call 2 83 "$monitor", $time, " A = %b, B = %b, CarryOut = %b, Sum = %b.", v0x558d4aa47610_0, v0x558d4aa476f0_0, v0x558d4aa478a0_0, v0x558d4aa47940_0 {0 0 0};
    %end;
    .thread T_8;
# The file index is used to find the file name in the following table.
:file_names 3;
    "N/A";
    "<interactive>";
    "SerialAdder.v";
