#! /usr/bin/vvp
:ivl_version "10.1 (stable)";
:ivl_delay_selection "TYPICAL";
:vpi_time_precision + 0;
:vpi_module "system";
:vpi_module "vhdl_sys";
:vpi_module "v2005_math";
:vpi_module "va_math";
S_0x559217c05280 .scope module, "ShiftRegTestBench" "ShiftRegTestBench" 2 20;
 .timescale 0 0;
P_0x559217c05400 .param/l "n" 0 2 21, +C4<00000000000000000000000000000100>;
v0x559217c25a90_0 .var "clock", 0 0;
v0x559217c25b80_0 .var "en", 0 0;
v0x559217c25c50_0 .var "in", 0 0;
v0x559217c25d50_0 .net "q", 3 0, v0x559217c25900_0;  1 drivers
S_0x559217c054a0 .scope module, "mod" "ShiftReg" 2 24, 2 1 0, S_0x559217c05280;
 .timescale 0 0;
    .port_info 0 /INPUT 1 "in"
    .port_info 1 /INPUT 1 "en"
    .port_info 2 /INPUT 1 "clock"
    .port_info 3 /OUTPUT 4 "q"
P_0x559217c05670 .param/l "n" 0 2 7, +C4<00000000000000000000000000000100>;
v0x559217c05710_0 .net "clock", 0 0, v0x559217c25a90_0;  1 drivers
v0x559217c25770_0 .net "en", 0 0, v0x559217c25b80_0;  1 drivers
v0x559217c25830_0 .net "in", 0 0, v0x559217c25c50_0;  1 drivers
v0x559217c25900_0 .var "q", 3 0;
E_0x559217bfeaa0 .event posedge, v0x559217c05710_0;
    .scope S_0x559217c054a0;
T_0 ;
    %vpi_call 2 4 "$dumpfile", "ShiftReg.vcd" {0 0 0};
    %vpi_call 2 5 "$dumpvars" {0 0 0};
    %end;
    .thread T_0;
    .scope S_0x559217c054a0;
T_1 ;
    %pushi/vec4 10, 0, 4;
    %store/vec4 v0x559217c25900_0, 0, 4;
    %end;
    .thread T_1;
    .scope S_0x559217c054a0;
T_2 ;
    %wait E_0x559217bfeaa0;
    %load/vec4 v0x559217c25770_0;
    %flag_set/vec4 8;
    %jmp/0xz  T_2.0, 8;
    %load/vec4 v0x559217c25830_0;
    %load/vec4 v0x559217c25900_0;
    %parti/s 3, 1, 2;
    %concat/vec4; draw_concat_vec4
    %store/vec4 v0x559217c25900_0, 0, 4;
T_2.0 ;
    %jmp T_2;
    .thread T_2;
    .scope S_0x559217c05280;
T_3 ;
    %pushi/vec4 0, 0, 1;
    %store/vec4 v0x559217c25a90_0, 0, 1;
    %pushi/vec4 10, 0, 32;
T_3.0 %dup/vec4;
    %pushi/vec4 0, 0, 32;
    %cmp/s;
    %jmp/1xz T_3.1, 5;
    %jmp/1 T_3.1, 4;
    %pushi/vec4 1, 0, 32;
    %sub;
    %delay 2, 0;
    %load/vec4 v0x559217c25a90_0;
    %inv;
    %store/vec4 v0x559217c25a90_0, 0, 1;
    %jmp T_3.0;
T_3.1 ;
    %pop/vec4 1;
    %end;
    .thread T_3;
    .scope S_0x559217c05280;
T_4 ;
    %vpi_call 2 33 "$monitor", $time, " Enable = %b, Input = %b, Q = %b.", v0x559217c25b80_0, v0x559217c25c50_0, v0x559217c25d50_0 {0 0 0};
    %delay 1, 0;
    %pushi/vec4 0, 0, 1;
    %store/vec4 v0x559217c25c50_0, 0, 1;
    %pushi/vec4 0, 0, 1;
    %store/vec4 v0x559217c25b80_0, 0, 1;
    %delay 4, 0;
    %pushi/vec4 1, 0, 1;
    %store/vec4 v0x559217c25c50_0, 0, 1;
    %pushi/vec4 1, 0, 1;
    %store/vec4 v0x559217c25b80_0, 0, 1;
    %delay 4, 0;
    %pushi/vec4 1, 0, 1;
    %store/vec4 v0x559217c25c50_0, 0, 1;
    %pushi/vec4 0, 0, 1;
    %store/vec4 v0x559217c25b80_0, 0, 1;
    %delay 4, 0;
    %pushi/vec4 0, 0, 1;
    %store/vec4 v0x559217c25c50_0, 0, 1;
    %pushi/vec4 1, 0, 1;
    %store/vec4 v0x559217c25b80_0, 0, 1;
    %delay 5, 0;
    %vpi_call 2 38 "$finish" {0 0 0};
    %end;
    .thread T_4;
# The file index is used to find the file name in the following table.
:file_names 3;
    "N/A";
    "<interactive>";
    "ShiftReg.v";
