#! /usr/bin/vvp
:ivl_version "10.1 (stable)";
:ivl_delay_selection "TYPICAL";
:vpi_time_precision - 12;
:vpi_module "system";
:vpi_module "vhdl_sys";
:vpi_module "v2005_math";
:vpi_module "va_math";
S_0x55ebd78e3f30 .scope module, "SynchCounterJK_TB" "SynchCounterJK_TB" 2 36;
 .timescale -9 -12;
v0x55ebd790cf10_0 .net "Q", 3 0, L_0x55ebd790d650;  1 drivers
v0x55ebd790cfd0_0 .var "clock", 0 0;
S_0x55ebd78e3630 .scope module, "SCJK" "SynchCounterJK" 2 40, 2 22 0, S_0x55ebd78e3f30;
 .timescale -9 -12;
    .port_info 0 /INPUT 1 "clk"
    .port_info 1 /OUTPUT 4 "Q"
L_0x55ebd790d200 .functor AND 1, L_0x55ebd790d070, L_0x55ebd790d160, C4<1>, C4<1>;
L_0x55ebd790d3b0 .functor AND 1, L_0x55ebd790d200, L_0x55ebd790d310, C4<1>, C4<1>;
v0x55ebd790c8b0_0 .net "Q", 3 0, L_0x55ebd790d650;  alias, 1 drivers
v0x55ebd790c9b0_0 .net *"_s1", 0 0, L_0x55ebd790d070;  1 drivers
v0x55ebd790ca90_0 .net *"_s3", 0 0, L_0x55ebd790d160;  1 drivers
v0x55ebd790cb50_0 .net *"_s7", 0 0, L_0x55ebd790d310;  1 drivers
v0x55ebd790cc30_0 .net "clk", 0 0, v0x55ebd790cfd0_0;  1 drivers
v0x55ebd790cd20_0 .net "w0", 0 0, L_0x55ebd790d200;  1 drivers
v0x55ebd790cdc0_0 .net "w1", 0 0, L_0x55ebd790d3b0;  1 drivers
L_0x55ebd790d070 .part L_0x55ebd790d650, 0, 1;
L_0x55ebd790d160 .part L_0x55ebd790d650, 1, 1;
L_0x55ebd790d310 .part L_0x55ebd790d650, 2, 1;
L_0x55ebd790d4b0 .part L_0x55ebd790d650, 0, 1;
L_0x55ebd790d580 .part L_0x55ebd790d650, 0, 1;
L_0x55ebd790d650 .concat8 [ 1 1 1 1], v0x55ebd78e6e90_0, v0x55ebd78e5f20_0, v0x55ebd790c0c0_0, v0x55ebd790c6d0_0;
S_0x55ebd78ebd70 .scope module, "F0" "JKFlipFlop" 2 30, 2 2 0, S_0x55ebd78e3630;
 .timescale -9 -12;
    .port_info 0 /INPUT 1 "J"
    .port_info 1 /INPUT 1 "K"
    .port_info 2 /INPUT 1 "clock"
    .port_info 3 /OUTPUT 1 "Q"
L_0x7f5e6607f018 .functor BUFT 1, C4<1>, C4<0>, C4<0>, C4<0>;
v0x55ebd78e9d50_0 .net "J", 0 0, L_0x7f5e6607f018;  1 drivers
L_0x7f5e6607f060 .functor BUFT 1, C4<1>, C4<0>, C4<0>, C4<0>;
v0x55ebd78e8a00_0 .net "K", 0 0, L_0x7f5e6607f060;  1 drivers
v0x55ebd78e6e90_0 .var "Q", 0 0;
v0x55ebd78ea130_0 .net "clock", 0 0, v0x55ebd790cfd0_0;  alias, 1 drivers
E_0x55ebd78daa70 .event posedge, v0x55ebd78ea130_0;
S_0x55ebd790b8d0 .scope module, "F1" "JKFlipFlop" 2 31, 2 2 0, S_0x55ebd78e3630;
 .timescale -9 -12;
    .port_info 0 /INPUT 1 "J"
    .port_info 1 /INPUT 1 "K"
    .port_info 2 /INPUT 1 "clock"
    .port_info 3 /OUTPUT 1 "Q"
v0x55ebd78e8de0_0 .net "J", 0 0, L_0x55ebd790d4b0;  1 drivers
v0x55ebd78e7ae0_0 .net "K", 0 0, L_0x55ebd790d580;  1 drivers
v0x55ebd78e5f20_0 .var "Q", 0 0;
v0x55ebd790bb70_0 .net "clock", 0 0, v0x55ebd790cfd0_0;  alias, 1 drivers
S_0x55ebd790bca0 .scope module, "F2" "JKFlipFlop" 2 32, 2 2 0, S_0x55ebd78e3630;
 .timescale -9 -12;
    .port_info 0 /INPUT 1 "J"
    .port_info 1 /INPUT 1 "K"
    .port_info 2 /INPUT 1 "clock"
    .port_info 3 /OUTPUT 1 "Q"
v0x55ebd790bf10_0 .net "J", 0 0, L_0x55ebd790d200;  alias, 1 drivers
v0x55ebd790bfd0_0 .net "K", 0 0, L_0x55ebd790d200;  alias, 1 drivers
v0x55ebd790c0c0_0 .var "Q", 0 0;
v0x55ebd790c190_0 .net "clock", 0 0, v0x55ebd790cfd0_0;  alias, 1 drivers
S_0x55ebd790c2c0 .scope module, "F3" "JKFlipFlop" 2 33, 2 2 0, S_0x55ebd78e3630;
 .timescale -9 -12;
    .port_info 0 /INPUT 1 "J"
    .port_info 1 /INPUT 1 "K"
    .port_info 2 /INPUT 1 "clock"
    .port_info 3 /OUTPUT 1 "Q"
v0x55ebd790c500_0 .net "J", 0 0, L_0x55ebd790d3b0;  alias, 1 drivers
v0x55ebd790c5e0_0 .net "K", 0 0, L_0x55ebd790d3b0;  alias, 1 drivers
v0x55ebd790c6d0_0 .var "Q", 0 0;
v0x55ebd790c7a0_0 .net "clock", 0 0, v0x55ebd790cfd0_0;  alias, 1 drivers
    .scope S_0x55ebd78ebd70;
T_0 ;
    %vpi_call 2 5 "$dumpfile", "SynchCounterJK.vcd" {0 0 0};
    %vpi_call 2 6 "$dumpvars" {0 0 0};
    %end;
    .thread T_0;
    .scope S_0x55ebd78ebd70;
T_1 ;
    %pushi/vec4 0, 0, 1;
    %store/vec4 v0x55ebd78e6e90_0, 0, 1;
    %end;
    .thread T_1;
    .scope S_0x55ebd78ebd70;
T_2 ;
    %wait E_0x55ebd78daa70;
    %load/vec4 v0x55ebd78e9d50_0;
    %load/vec4 v0x55ebd78e8a00_0;
    %concat/vec4; draw_concat_vec4
    %dup/vec4;
    %pushi/vec4 0, 0, 2;
    %cmp/u;
    %jmp/1 T_2.0, 6;
    %dup/vec4;
    %pushi/vec4 1, 0, 2;
    %cmp/u;
    %jmp/1 T_2.1, 6;
    %dup/vec4;
    %pushi/vec4 2, 0, 2;
    %cmp/u;
    %jmp/1 T_2.2, 6;
    %dup/vec4;
    %pushi/vec4 3, 0, 2;
    %cmp/u;
    %jmp/1 T_2.3, 6;
    %jmp T_2.4;
T_2.0 ;
    %load/vec4 v0x55ebd78e6e90_0;
    %assign/vec4 v0x55ebd78e6e90_0, 0;
    %jmp T_2.4;
T_2.1 ;
    %pushi/vec4 0, 0, 1;
    %assign/vec4 v0x55ebd78e6e90_0, 0;
    %jmp T_2.4;
T_2.2 ;
    %pushi/vec4 1, 0, 1;
    %assign/vec4 v0x55ebd78e6e90_0, 0;
    %jmp T_2.4;
T_2.3 ;
    %load/vec4 v0x55ebd78e6e90_0;
    %inv;
    %assign/vec4 v0x55ebd78e6e90_0, 0;
    %jmp T_2.4;
T_2.4 ;
    %pop/vec4 1;
    %jmp T_2;
    .thread T_2;
    .scope S_0x55ebd790b8d0;
T_3 ;
    %vpi_call 2 5 "$dumpfile", "SynchCounterJK.vcd" {0 0 0};
    %vpi_call 2 6 "$dumpvars" {0 0 0};
    %end;
    .thread T_3;
    .scope S_0x55ebd790b8d0;
T_4 ;
    %pushi/vec4 0, 0, 1;
    %store/vec4 v0x55ebd78e5f20_0, 0, 1;
    %end;
    .thread T_4;
    .scope S_0x55ebd790b8d0;
T_5 ;
    %wait E_0x55ebd78daa70;
    %load/vec4 v0x55ebd78e8de0_0;
    %load/vec4 v0x55ebd78e7ae0_0;
    %concat/vec4; draw_concat_vec4
    %dup/vec4;
    %pushi/vec4 0, 0, 2;
    %cmp/u;
    %jmp/1 T_5.0, 6;
    %dup/vec4;
    %pushi/vec4 1, 0, 2;
    %cmp/u;
    %jmp/1 T_5.1, 6;
    %dup/vec4;
    %pushi/vec4 2, 0, 2;
    %cmp/u;
    %jmp/1 T_5.2, 6;
    %dup/vec4;
    %pushi/vec4 3, 0, 2;
    %cmp/u;
    %jmp/1 T_5.3, 6;
    %jmp T_5.4;
T_5.0 ;
    %load/vec4 v0x55ebd78e5f20_0;
    %assign/vec4 v0x55ebd78e5f20_0, 0;
    %jmp T_5.4;
T_5.1 ;
    %pushi/vec4 0, 0, 1;
    %assign/vec4 v0x55ebd78e5f20_0, 0;
    %jmp T_5.4;
T_5.2 ;
    %pushi/vec4 1, 0, 1;
    %assign/vec4 v0x55ebd78e5f20_0, 0;
    %jmp T_5.4;
T_5.3 ;
    %load/vec4 v0x55ebd78e5f20_0;
    %inv;
    %assign/vec4 v0x55ebd78e5f20_0, 0;
    %jmp T_5.4;
T_5.4 ;
    %pop/vec4 1;
    %jmp T_5;
    .thread T_5;
    .scope S_0x55ebd790bca0;
T_6 ;
    %vpi_call 2 5 "$dumpfile", "SynchCounterJK.vcd" {0 0 0};
    %vpi_call 2 6 "$dumpvars" {0 0 0};
    %end;
    .thread T_6;
    .scope S_0x55ebd790bca0;
T_7 ;
    %pushi/vec4 0, 0, 1;
    %store/vec4 v0x55ebd790c0c0_0, 0, 1;
    %end;
    .thread T_7;
    .scope S_0x55ebd790bca0;
T_8 ;
    %wait E_0x55ebd78daa70;
    %load/vec4 v0x55ebd790bf10_0;
    %load/vec4 v0x55ebd790bfd0_0;
    %concat/vec4; draw_concat_vec4
    %dup/vec4;
    %pushi/vec4 0, 0, 2;
    %cmp/u;
    %jmp/1 T_8.0, 6;
    %dup/vec4;
    %pushi/vec4 1, 0, 2;
    %cmp/u;
    %jmp/1 T_8.1, 6;
    %dup/vec4;
    %pushi/vec4 2, 0, 2;
    %cmp/u;
    %jmp/1 T_8.2, 6;
    %dup/vec4;
    %pushi/vec4 3, 0, 2;
    %cmp/u;
    %jmp/1 T_8.3, 6;
    %jmp T_8.4;
T_8.0 ;
    %load/vec4 v0x55ebd790c0c0_0;
    %assign/vec4 v0x55ebd790c0c0_0, 0;
    %jmp T_8.4;
T_8.1 ;
    %pushi/vec4 0, 0, 1;
    %assign/vec4 v0x55ebd790c0c0_0, 0;
    %jmp T_8.4;
T_8.2 ;
    %pushi/vec4 1, 0, 1;
    %assign/vec4 v0x55ebd790c0c0_0, 0;
    %jmp T_8.4;
T_8.3 ;
    %load/vec4 v0x55ebd790c0c0_0;
    %inv;
    %assign/vec4 v0x55ebd790c0c0_0, 0;
    %jmp T_8.4;
T_8.4 ;
    %pop/vec4 1;
    %jmp T_8;
    .thread T_8;
    .scope S_0x55ebd790c2c0;
T_9 ;
    %vpi_call 2 5 "$dumpfile", "SynchCounterJK.vcd" {0 0 0};
    %vpi_call 2 6 "$dumpvars" {0 0 0};
    %end;
    .thread T_9;
    .scope S_0x55ebd790c2c0;
T_10 ;
    %pushi/vec4 0, 0, 1;
    %store/vec4 v0x55ebd790c6d0_0, 0, 1;
    %end;
    .thread T_10;
    .scope S_0x55ebd790c2c0;
T_11 ;
    %wait E_0x55ebd78daa70;
    %load/vec4 v0x55ebd790c500_0;
    %load/vec4 v0x55ebd790c5e0_0;
    %concat/vec4; draw_concat_vec4
    %dup/vec4;
    %pushi/vec4 0, 0, 2;
    %cmp/u;
    %jmp/1 T_11.0, 6;
    %dup/vec4;
    %pushi/vec4 1, 0, 2;
    %cmp/u;
    %jmp/1 T_11.1, 6;
    %dup/vec4;
    %pushi/vec4 2, 0, 2;
    %cmp/u;
    %jmp/1 T_11.2, 6;
    %dup/vec4;
    %pushi/vec4 3, 0, 2;
    %cmp/u;
    %jmp/1 T_11.3, 6;
    %jmp T_11.4;
T_11.0 ;
    %load/vec4 v0x55ebd790c6d0_0;
    %assign/vec4 v0x55ebd790c6d0_0, 0;
    %jmp T_11.4;
T_11.1 ;
    %pushi/vec4 0, 0, 1;
    %assign/vec4 v0x55ebd790c6d0_0, 0;
    %jmp T_11.4;
T_11.2 ;
    %pushi/vec4 1, 0, 1;
    %assign/vec4 v0x55ebd790c6d0_0, 0;
    %jmp T_11.4;
T_11.3 ;
    %load/vec4 v0x55ebd790c6d0_0;
    %inv;
    %assign/vec4 v0x55ebd790c6d0_0, 0;
    %jmp T_11.4;
T_11.4 ;
    %pop/vec4 1;
    %jmp T_11;
    .thread T_11;
    .scope S_0x55ebd78e3f30;
T_12 ;
    %pushi/vec4 0, 0, 1;
    %store/vec4 v0x55ebd790cfd0_0, 0, 1;
    %end;
    .thread T_12;
    .scope S_0x55ebd78e3f30;
T_13 ;
    %delay 2000, 0;
    %load/vec4 v0x55ebd790cfd0_0;
    %inv;
    %store/vec4 v0x55ebd790cfd0_0, 0, 1;
    %jmp T_13;
    .thread T_13;
    .scope S_0x55ebd78e3f30;
T_14 ;
    %vpi_call 2 57 "$monitor", $time, "  CLK = %b, Q = %b", v0x55ebd790cfd0_0, v0x55ebd790cf10_0 {0 0 0};
    %delay 64000, 0;
    %vpi_call 2 58 "$finish" {0 0 0};
    %end;
    .thread T_14;
# The file index is used to find the file name in the following table.
:file_names 3;
    "N/A";
    "<interactive>";
    "SynchCounterJK.v";
