#! /usr/bin/vvp
:ivl_version "10.1 (stable)";
:ivl_delay_selection "TYPICAL";
:vpi_time_precision + 0;
:vpi_module "system";
:vpi_module "vhdl_sys";
:vpi_module "v2005_math";
:vpi_module "va_math";
S_0x55918139f040 .scope module, "TBShiftLeft" "TBShiftLeft" 2 7;
 .timescale 0 0;
v0x5591813bf7c0_0 .var "in", 31 0;
v0x5591813bf880_0 .net "out", 31 0, L_0x5591813bfaa0;  1 drivers
S_0x55918139f1c0 .scope module, "sl" "Shift_Left" 2 10, 2 1 0, S_0x55918139f040;
 .timescale 0 0;
    .port_info 0 /OUTPUT 32 "out"
    .port_info 1 /INPUT 32 "in"
v0x55918139f390_0 .net *"_s1", 29 0, L_0x5591813bf950;  1 drivers
L_0x7f7839ba5018 .functor BUFT 1, C4<0>, C4<0>, C4<0>, C4<0>;
v0x5591813bf3b0_0 .net/2u *"_s2", 0 0, L_0x7f7839ba5018;  1 drivers
L_0x7f7839ba5060 .functor BUFT 1, C4<0>, C4<0>, C4<0>, C4<0>;
v0x5591813bf490_0 .net/2u *"_s4", 0 0, L_0x7f7839ba5060;  1 drivers
v0x5591813bf550_0 .net "in", 31 0, v0x5591813bf7c0_0;  1 drivers
v0x5591813bf630_0 .net "out", 31 0, L_0x5591813bfaa0;  alias, 1 drivers
L_0x5591813bf950 .part v0x5591813bf7c0_0, 0, 30;
L_0x5591813bfaa0 .concat [ 1 1 30 0], L_0x7f7839ba5060, L_0x7f7839ba5018, L_0x5591813bf950;
    .scope S_0x55918139f040;
T_0 ;
    %vpi_call 2 12 "$monitor", $time, " :Input = %b,\011 Output = %b.", v0x5591813bf7c0_0, v0x5591813bf880_0 {0 0 0};
    %delay 0, 0;
    %pushi/vec4 591785984, 0, 32;
    %store/vec4 v0x5591813bf7c0_0, 0, 32;
    %delay 100, 0;
    %pushi/vec4 2166571025, 0, 32;
    %store/vec4 v0x5591813bf7c0_0, 0, 32;
    %delay 100, 0;
    %pushi/vec4 2298577680, 0, 32;
    %store/vec4 v0x5591813bf7c0_0, 0, 32;
    %delay 100, 0;
    %pushi/vec4 2863307161, 0, 32;
    %store/vec4 v0x5591813bf7c0_0, 0, 32;
    %delay 200, 0;
    %vpi_call 2 17 "$finish" {0 0 0};
    %end;
    .thread T_0;
# The file index is used to find the file name in the following table.
:file_names 3;
    "N/A";
    "<interactive>";
    "Shift_Left_2Bit.v";
